{"/home/nlebedevelop/Documents/Repos/web-errors/src/default.ts": {"path":"/home/nlebedevelop/Documents/Repos/web-errors/src/default.ts","statementMap":{"0":{"start":{"line":30,"column":4},"end":{"line":30,"column":24}},"1":{"start":{"line":32,"column":4},"end":{"line":32,"column":32}},"2":{"start":{"line":33,"column":4},"end":{"line":33,"column":26}},"3":{"start":{"line":34,"column":4},"end":{"line":34,"column":45}},"4":{"start":{"line":34,"column":21},"end":{"line":34,"column":45}},"5":{"start":{"line":35,"column":4},"end":{"line":35,"column":45}},"6":{"start":{"line":35,"column":21},"end":{"line":35,"column":45}},"7":{"start":{"line":40,"column":2},"end":{"line":40,"column":14}}},"fnMap":{"0":{"name":"(anonymous_0)","decl":{"start":{"line":29,"column":2},"end":{"line":29,"column":13}},"loc":{"start":{"line":29,"column":38},"end":{"line":36,"column":3}}}},"branchMap":{"0":{"loc":{"start":{"line":34,"column":4},"end":{"line":34,"column":45}},"type":"if","locations":[{"start":{"line":34,"column":4},"end":{"line":34,"column":45}},{"start":{"line":34,"column":4},"end":{"line":34,"column":45}}]},"1":{"loc":{"start":{"line":35,"column":4},"end":{"line":35,"column":45}},"type":"if","locations":[{"start":{"line":35,"column":4},"end":{"line":35,"column":45}},{"start":{"line":35,"column":4},"end":{"line":35,"column":45}}]}},"s":{"0":64,"1":64,"2":64,"3":64,"4":63,"5":64,"6":1,"7":6},"f":{"0":64},"b":{"0":[63,1],"1":[1,63]}}
,"/home/nlebedevelop/Documents/Repos/web-errors/src/http.ts": {"path":"/home/nlebedevelop/Documents/Repos/web-errors/src/http.ts","statementMap":{"0":{"start":{"line":1,"column":0},"end":{"line":1,"column":58}},"1":{"start":{"line":45,"column":4},"end":{"line":45,"column":16}},"2":{"start":{"line":42,"column":18},"end":{"line":42,"column":61}},"3":{"start":{"line":47,"column":4},"end":{"line":47,"column":37}},"4":{"start":{"line":48,"column":4},"end":{"line":48,"column":59}},"5":{"start":{"line":49,"column":4},"end":{"line":49,"column":53}},"6":{"start":{"line":54,"column":2},"end":{"line":54,"column":11}}},"fnMap":{"0":{"name":"(anonymous_0)","decl":{"start":{"line":44,"column":2},"end":{"line":44,"column":13}},"loc":{"start":{"line":44,"column":35},"end":{"line":50,"column":3}}}},"branchMap":{"0":{"loc":{"start":{"line":47,"column":18},"end":{"line":47,"column":30}},"type":"binary-expr","locations":[{"start":{"line":47,"column":18},"end":{"line":47,"column":30}},{"start":{"line":47,"column":34},"end":{"line":47,"column":37}}]},"1":{"loc":{"start":{"line":48,"column":19},"end":{"line":48,"column":32}},"type":"binary-expr","locations":[{"start":{"line":48,"column":19},"end":{"line":48,"column":32}},{"start":{"line":48,"column":36},"end":{"line":48,"column":59}}]},"2":{"loc":{"start":{"line":49,"column":23},"end":{"line":49,"column":40}},"type":"binary-expr","locations":[{"start":{"line":49,"column":23},"end":{"line":49,"column":40}},{"start":{"line":49,"column":44},"end":{"line":49,"column":53}}]}},"s":{"0":5,"1":62,"2":62,"3":62,"4":62,"5":62,"6":5},"f":{"0":62},"b":{"0":[62,62],"1":[62,62],"2":[62,62]}}
,"/home/nlebedevelop/Documents/Repos/web-errors/src/index.ts": {"path":"/home/nlebedevelop/Documents/Repos/web-errors/src/index.ts","statementMap":{"0":{"start":{"line":1,"column":0},"end":{"line":1,"column":58}},"1":{"start":{"line":1,"column":9},"end":{"line":1,"column":21}},"2":{"start":{"line":1,"column":23},"end":{"line":1,"column":40}},"3":{"start":{"line":2,"column":0},"end":{"line":2,"column":62}},"4":{"start":{"line":2,"column":9},"end":{"line":2,"column":18}},"5":{"start":{"line":2,"column":20},"end":{"line":2,"column":34}},"6":{"start":{"line":2,"column":36},"end":{"line":2,"column":47}},"7":{"start":{"line":4,"column":0},"end":{"line":10,"column":21}},"8":{"start":{"line":5,"column":2},"end":{"line":5,"column":18}},"9":{"start":{"line":6,"column":2},"end":{"line":6,"column":10}},"10":{"start":{"line":7,"column":2},"end":{"line":7,"column":10}},"11":{"start":{"line":8,"column":2},"end":{"line":8,"column":10}},"12":{"start":{"line":9,"column":2},"end":{"line":9,"column":10}},"13":{"start":{"line":12,"column":0},"end":{"line":24,"column":17}},"14":{"start":{"line":13,"column":2},"end":{"line":13,"column":17}},"15":{"start":{"line":14,"column":2},"end":{"line":14,"column":10}},"16":{"start":{"line":15,"column":2},"end":{"line":15,"column":10}},"17":{"start":{"line":16,"column":2},"end":{"line":16,"column":10}},"18":{"start":{"line":17,"column":2},"end":{"line":17,"column":10}},"19":{"start":{"line":18,"column":2},"end":{"line":18,"column":10}},"20":{"start":{"line":19,"column":2},"end":{"line":19,"column":10}},"21":{"start":{"line":20,"column":2},"end":{"line":20,"column":10}},"22":{"start":{"line":21,"column":2},"end":{"line":21,"column":10}},"23":{"start":{"line":22,"column":2},"end":{"line":22,"column":10}},"24":{"start":{"line":23,"column":2},"end":{"line":23,"column":10}},"25":{"start":{"line":26,"column":0},"end":{"line":37,"column":20}},"26":{"start":{"line":27,"column":2},"end":{"line":27,"column":21}},"27":{"start":{"line":28,"column":2},"end":{"line":28,"column":10}},"28":{"start":{"line":29,"column":2},"end":{"line":29,"column":10}},"29":{"start":{"line":30,"column":2},"end":{"line":30,"column":10}},"30":{"start":{"line":31,"column":2},"end":{"line":31,"column":10}},"31":{"start":{"line":32,"column":2},"end":{"line":32,"column":10}},"32":{"start":{"line":33,"column":2},"end":{"line":33,"column":10}},"33":{"start":{"line":34,"column":2},"end":{"line":34,"column":10}},"34":{"start":{"line":35,"column":2},"end":{"line":35,"column":10}},"35":{"start":{"line":36,"column":2},"end":{"line":36,"column":10}},"36":{"start":{"line":39,"column":0},"end":{"line":69,"column":16}},"37":{"start":{"line":40,"column":2},"end":{"line":40,"column":21}},"38":{"start":{"line":41,"column":2},"end":{"line":41,"column":10}},"39":{"start":{"line":42,"column":2},"end":{"line":42,"column":10}},"40":{"start":{"line":43,"column":2},"end":{"line":43,"column":10}},"41":{"start":{"line":44,"column":2},"end":{"line":44,"column":10}},"42":{"start":{"line":45,"column":2},"end":{"line":45,"column":10}},"43":{"start":{"line":46,"column":2},"end":{"line":46,"column":10}},"44":{"start":{"line":47,"column":2},"end":{"line":47,"column":10}},"45":{"start":{"line":48,"column":2},"end":{"line":48,"column":10}},"46":{"start":{"line":49,"column":2},"end":{"line":49,"column":10}},"47":{"start":{"line":50,"column":2},"end":{"line":50,"column":10}},"48":{"start":{"line":51,"column":2},"end":{"line":51,"column":10}},"49":{"start":{"line":52,"column":2},"end":{"line":52,"column":10}},"50":{"start":{"line":53,"column":2},"end":{"line":53,"column":10}},"51":{"start":{"line":54,"column":2},"end":{"line":54,"column":10}},"52":{"start":{"line":55,"column":2},"end":{"line":55,"column":10}},"53":{"start":{"line":56,"column":2},"end":{"line":56,"column":10}},"54":{"start":{"line":57,"column":2},"end":{"line":57,"column":10}},"55":{"start":{"line":58,"column":2},"end":{"line":58,"column":10}},"56":{"start":{"line":59,"column":2},"end":{"line":59,"column":10}},"57":{"start":{"line":60,"column":2},"end":{"line":60,"column":10}},"58":{"start":{"line":61,"column":2},"end":{"line":61,"column":10}},"59":{"start":{"line":62,"column":2},"end":{"line":62,"column":10}},"60":{"start":{"line":63,"column":2},"end":{"line":63,"column":10}},"61":{"start":{"line":64,"column":2},"end":{"line":64,"column":10}},"62":{"start":{"line":65,"column":2},"end":{"line":65,"column":10}},"63":{"start":{"line":66,"column":2},"end":{"line":66,"column":10}},"64":{"start":{"line":67,"column":2},"end":{"line":67,"column":10}},"65":{"start":{"line":68,"column":2},"end":{"line":68,"column":10}},"66":{"start":{"line":71,"column":0},"end":{"line":84,"column":16}},"67":{"start":{"line":72,"column":2},"end":{"line":72,"column":21}},"68":{"start":{"line":73,"column":2},"end":{"line":73,"column":10}},"69":{"start":{"line":74,"column":2},"end":{"line":74,"column":10}},"70":{"start":{"line":75,"column":2},"end":{"line":75,"column":10}},"71":{"start":{"line":76,"column":2},"end":{"line":76,"column":10}},"72":{"start":{"line":77,"column":2},"end":{"line":77,"column":10}},"73":{"start":{"line":78,"column":2},"end":{"line":78,"column":10}},"74":{"start":{"line":79,"column":2},"end":{"line":79,"column":10}},"75":{"start":{"line":80,"column":2},"end":{"line":80,"column":10}},"76":{"start":{"line":81,"column":2},"end":{"line":81,"column":10}},"77":{"start":{"line":82,"column":2},"end":{"line":82,"column":10}},"78":{"start":{"line":83,"column":2},"end":{"line":83,"column":10}}},"fnMap":{},"branchMap":{},"s":{"0":5,"1":5,"2":5,"3":5,"4":5,"5":5,"6":5,"7":5,"8":5,"9":5,"10":5,"11":5,"12":5,"13":5,"14":5,"15":5,"16":5,"17":5,"18":5,"19":5,"20":5,"21":5,"22":5,"23":5,"24":5,"25":5,"26":5,"27":5,"28":5,"29":5,"30":5,"31":5,"32":5,"33":5,"34":5,"35":5,"36":5,"37":5,"38":5,"39":5,"40":5,"41":5,"42":5,"43":5,"44":5,"45":5,"46":5,"47":5,"48":5,"49":5,"50":5,"51":5,"52":5,"53":5,"54":5,"55":5,"56":5,"57":5,"58":5,"59":5,"60":5,"61":5,"62":5,"63":5,"64":5,"65":5,"66":5,"67":5,"68":5,"69":5,"70":5,"71":5,"72":5,"73":5,"74":5,"75":5,"76":5,"77":5,"78":5},"f":{},"b":{}}
,"/home/nlebedevelop/Documents/Repos/web-errors/src/client/400.ts": {"path":"/home/nlebedevelop/Documents/Repos/web-errors/src/client/400.ts","statementMap":{"0":{"start":{"line":1,"column":0},"end":{"line":1,"column":34}},"1":{"start":{"line":5,"column":2},"end":{"line":5,"column":14}},"2":{"start":{"line":6,"column":2},"end":{"line":6,"column":25}},"3":{"start":{"line":7,"column":2},"end":{"line":7,"column":212}},"4":{"start":{"line":10,"column":0},"end":{"line":10,"column":20}}},"fnMap":{"0":{"name":"(anonymous_0)","decl":{"start":{"line":4,"column":0},"end":{"line":null,"column":-1}},"loc":{"start":{"line":4,"column":0},"end":{"line":8,"column":1}}}},"branchMap":{},"s":{"0":5,"1":1,"2":1,"3":1,"4":5},"f":{"0":1},"b":{}}
,"/home/nlebedevelop/Documents/Repos/web-errors/src/client/401.ts": {"path":"/home/nlebedevelop/Documents/Repos/web-errors/src/client/401.ts","statementMap":{"0":{"start":{"line":1,"column":0},"end":{"line":1,"column":34}},"1":{"start":{"line":5,"column":2},"end":{"line":5,"column":14}},"2":{"start":{"line":6,"column":2},"end":{"line":6,"column":26}},"3":{"start":{"line":7,"column":2},"end":{"line":7,"column":601}},"4":{"start":{"line":10,"column":0},"end":{"line":10,"column":20}}},"fnMap":{"0":{"name":"(anonymous_0)","decl":{"start":{"line":4,"column":0},"end":{"line":null,"column":-1}},"loc":{"start":{"line":4,"column":0},"end":{"line":8,"column":1}}}},"branchMap":{},"s":{"0":5,"1":1,"2":1,"3":1,"4":5},"f":{"0":1},"b":{}}
,"/home/nlebedevelop/Documents/Repos/web-errors/src/client/402.ts": {"path":"/home/nlebedevelop/Documents/Repos/web-errors/src/client/402.ts","statementMap":{"0":{"start":{"line":1,"column":0},"end":{"line":1,"column":34}},"1":{"start":{"line":5,"column":2},"end":{"line":5,"column":14}},"2":{"start":{"line":6,"column":2},"end":{"line":6,"column":30}},"3":{"start":{"line":7,"column":2},"end":{"line":7,"column":374}},"4":{"start":{"line":10,"column":0},"end":{"line":10,"column":20}}},"fnMap":{"0":{"name":"(anonymous_0)","decl":{"start":{"line":4,"column":0},"end":{"line":null,"column":-1}},"loc":{"start":{"line":4,"column":0},"end":{"line":8,"column":1}}}},"branchMap":{},"s":{"0":5,"1":1,"2":1,"3":1,"4":5},"f":{"0":1},"b":{}}
,"/home/nlebedevelop/Documents/Repos/web-errors/src/client/403.ts": {"path":"/home/nlebedevelop/Documents/Repos/web-errors/src/client/403.ts","statementMap":{"0":{"start":{"line":1,"column":0},"end":{"line":1,"column":34}},"1":{"start":{"line":5,"column":2},"end":{"line":5,"column":14}},"2":{"start":{"line":6,"column":2},"end":{"line":6,"column":23}},"3":{"start":{"line":7,"column":2},"end":{"line":7,"column":180}},"4":{"start":{"line":10,"column":0},"end":{"line":10,"column":20}}},"fnMap":{"0":{"name":"(anonymous_0)","decl":{"start":{"line":4,"column":0},"end":{"line":null,"column":-1}},"loc":{"start":{"line":4,"column":0},"end":{"line":8,"column":1}}}},"branchMap":{},"s":{"0":5,"1":1,"2":1,"3":1,"4":5},"f":{"0":1},"b":{}}
,"/home/nlebedevelop/Documents/Repos/web-errors/src/client/404.ts": {"path":"/home/nlebedevelop/Documents/Repos/web-errors/src/client/404.ts","statementMap":{"0":{"start":{"line":1,"column":0},"end":{"line":1,"column":34}},"1":{"start":{"line":5,"column":2},"end":{"line":5,"column":14}},"2":{"start":{"line":6,"column":2},"end":{"line":6,"column":23}},"3":{"start":{"line":7,"column":2},"end":{"line":7,"column":146}},"4":{"start":{"line":10,"column":0},"end":{"line":10,"column":20}}},"fnMap":{"0":{"name":"(anonymous_0)","decl":{"start":{"line":4,"column":0},"end":{"line":null,"column":-1}},"loc":{"start":{"line":4,"column":0},"end":{"line":8,"column":1}}}},"branchMap":{},"s":{"0":5,"1":1,"2":1,"3":1,"4":5},"f":{"0":1},"b":{}}
,"/home/nlebedevelop/Documents/Repos/web-errors/src/client/405.ts": {"path":"/home/nlebedevelop/Documents/Repos/web-errors/src/client/405.ts","statementMap":{"0":{"start":{"line":1,"column":0},"end":{"line":1,"column":34}},"1":{"start":{"line":5,"column":2},"end":{"line":5,"column":14}},"2":{"start":{"line":6,"column":2},"end":{"line":6,"column":32}},"3":{"start":{"line":7,"column":2},"end":{"line":7,"column":203}},"4":{"start":{"line":10,"column":0},"end":{"line":10,"column":20}}},"fnMap":{"0":{"name":"(anonymous_0)","decl":{"start":{"line":4,"column":0},"end":{"line":null,"column":-1}},"loc":{"start":{"line":4,"column":0},"end":{"line":8,"column":1}}}},"branchMap":{},"s":{"0":5,"1":1,"2":1,"3":1,"4":5},"f":{"0":1},"b":{}}
,"/home/nlebedevelop/Documents/Repos/web-errors/src/client/406.ts": {"path":"/home/nlebedevelop/Documents/Repos/web-errors/src/client/406.ts","statementMap":{"0":{"start":{"line":1,"column":0},"end":{"line":1,"column":34}},"1":{"start":{"line":5,"column":2},"end":{"line":5,"column":14}},"2":{"start":{"line":6,"column":2},"end":{"line":6,"column":28}},"3":{"start":{"line":7,"column":2},"end":{"line":7,"column":146}},"4":{"start":{"line":10,"column":0},"end":{"line":10,"column":20}}},"fnMap":{"0":{"name":"(anonymous_0)","decl":{"start":{"line":4,"column":0},"end":{"line":null,"column":-1}},"loc":{"start":{"line":4,"column":0},"end":{"line":8,"column":1}}}},"branchMap":{},"s":{"0":5,"1":1,"2":1,"3":1,"4":5},"f":{"0":1},"b":{}}
,"/home/nlebedevelop/Documents/Repos/web-errors/src/client/407.ts": {"path":"/home/nlebedevelop/Documents/Repos/web-errors/src/client/407.ts","statementMap":{"0":{"start":{"line":1,"column":0},"end":{"line":1,"column":34}},"1":{"start":{"line":5,"column":2},"end":{"line":5,"column":14}},"2":{"start":{"line":6,"column":2},"end":{"line":6,"column":43}},"3":{"start":{"line":7,"column":2},"end":{"line":7,"column":75}},"4":{"start":{"line":10,"column":0},"end":{"line":10,"column":20}}},"fnMap":{"0":{"name":"(anonymous_0)","decl":{"start":{"line":4,"column":0},"end":{"line":null,"column":-1}},"loc":{"start":{"line":4,"column":0},"end":{"line":8,"column":1}}}},"branchMap":{},"s":{"0":5,"1":1,"2":1,"3":1,"4":5},"f":{"0":1},"b":{}}
,"/home/nlebedevelop/Documents/Repos/web-errors/src/client/408.ts": {"path":"/home/nlebedevelop/Documents/Repos/web-errors/src/client/408.ts","statementMap":{"0":{"start":{"line":1,"column":0},"end":{"line":1,"column":34}},"1":{"start":{"line":5,"column":2},"end":{"line":5,"column":14}},"2":{"start":{"line":6,"column":2},"end":{"line":6,"column":29}},"3":{"start":{"line":7,"column":2},"end":{"line":7,"column":264}},"4":{"start":{"line":10,"column":0},"end":{"line":10,"column":20}}},"fnMap":{"0":{"name":"(anonymous_0)","decl":{"start":{"line":4,"column":0},"end":{"line":null,"column":-1}},"loc":{"start":{"line":4,"column":0},"end":{"line":8,"column":1}}}},"branchMap":{},"s":{"0":5,"1":1,"2":1,"3":1,"4":5},"f":{"0":1},"b":{}}
,"/home/nlebedevelop/Documents/Repos/web-errors/src/client/409.ts": {"path":"/home/nlebedevelop/Documents/Repos/web-errors/src/client/409.ts","statementMap":{"0":{"start":{"line":1,"column":0},"end":{"line":1,"column":34}},"1":{"start":{"line":5,"column":2},"end":{"line":5,"column":14}},"2":{"start":{"line":6,"column":2},"end":{"line":6,"column":22}},"3":{"start":{"line":7,"column":2},"end":{"line":7,"column":167}},"4":{"start":{"line":10,"column":0},"end":{"line":10,"column":20}}},"fnMap":{"0":{"name":"(anonymous_0)","decl":{"start":{"line":4,"column":0},"end":{"line":null,"column":-1}},"loc":{"start":{"line":4,"column":0},"end":{"line":8,"column":1}}}},"branchMap":{},"s":{"0":5,"1":1,"2":1,"3":1,"4":5},"f":{"0":1},"b":{}}
,"/home/nlebedevelop/Documents/Repos/web-errors/src/client/410.ts": {"path":"/home/nlebedevelop/Documents/Repos/web-errors/src/client/410.ts","statementMap":{"0":{"start":{"line":1,"column":0},"end":{"line":1,"column":34}},"1":{"start":{"line":5,"column":2},"end":{"line":5,"column":14}},"2":{"start":{"line":6,"column":2},"end":{"line":6,"column":18}},"3":{"start":{"line":7,"column":2},"end":{"line":7,"column":506}},"4":{"start":{"line":10,"column":0},"end":{"line":10,"column":20}}},"fnMap":{"0":{"name":"(anonymous_0)","decl":{"start":{"line":4,"column":0},"end":{"line":null,"column":-1}},"loc":{"start":{"line":4,"column":0},"end":{"line":8,"column":1}}}},"branchMap":{},"s":{"0":5,"1":1,"2":1,"3":1,"4":5},"f":{"0":1},"b":{}}
,"/home/nlebedevelop/Documents/Repos/web-errors/src/client/411.ts": {"path":"/home/nlebedevelop/Documents/Repos/web-errors/src/client/411.ts","statementMap":{"0":{"start":{"line":1,"column":0},"end":{"line":1,"column":34}},"1":{"start":{"line":5,"column":2},"end":{"line":5,"column":14}},"2":{"start":{"line":6,"column":2},"end":{"line":6,"column":29}},"3":{"start":{"line":7,"column":2},"end":{"line":7,"column":117}},"4":{"start":{"line":10,"column":0},"end":{"line":10,"column":20}}},"fnMap":{"0":{"name":"(anonymous_0)","decl":{"start":{"line":4,"column":0},"end":{"line":null,"column":-1}},"loc":{"start":{"line":4,"column":0},"end":{"line":8,"column":1}}}},"branchMap":{},"s":{"0":5,"1":1,"2":1,"3":1,"4":5},"f":{"0":1},"b":{}}
,"/home/nlebedevelop/Documents/Repos/web-errors/src/client/412.ts": {"path":"/home/nlebedevelop/Documents/Repos/web-errors/src/client/412.ts","statementMap":{"0":{"start":{"line":1,"column":0},"end":{"line":1,"column":34}},"1":{"start":{"line":5,"column":2},"end":{"line":5,"column":14}},"2":{"start":{"line":6,"column":2},"end":{"line":6,"column":33}},"3":{"start":{"line":7,"column":2},"end":{"line":7,"column":106}},"4":{"start":{"line":10,"column":0},"end":{"line":10,"column":20}}},"fnMap":{"0":{"name":"(anonymous_0)","decl":{"start":{"line":4,"column":0},"end":{"line":null,"column":-1}},"loc":{"start":{"line":4,"column":0},"end":{"line":8,"column":1}}}},"branchMap":{},"s":{"0":5,"1":1,"2":1,"3":1,"4":5},"f":{"0":1},"b":{}}
,"/home/nlebedevelop/Documents/Repos/web-errors/src/client/413.ts": {"path":"/home/nlebedevelop/Documents/Repos/web-errors/src/client/413.ts","statementMap":{"0":{"start":{"line":1,"column":0},"end":{"line":1,"column":34}},"1":{"start":{"line":5,"column":2},"end":{"line":5,"column":14}},"2":{"start":{"line":6,"column":2},"end":{"line":6,"column":31}},"3":{"start":{"line":7,"column":2},"end":{"line":7,"column":131}},"4":{"start":{"line":10,"column":0},"end":{"line":10,"column":20}}},"fnMap":{"0":{"name":"(anonymous_0)","decl":{"start":{"line":4,"column":0},"end":{"line":null,"column":-1}},"loc":{"start":{"line":4,"column":0},"end":{"line":8,"column":1}}}},"branchMap":{},"s":{"0":5,"1":1,"2":1,"3":1,"4":5},"f":{"0":1},"b":{}}
,"/home/nlebedevelop/Documents/Repos/web-errors/src/client/414.ts": {"path":"/home/nlebedevelop/Documents/Repos/web-errors/src/client/414.ts","statementMap":{"0":{"start":{"line":1,"column":0},"end":{"line":1,"column":34}},"1":{"start":{"line":5,"column":2},"end":{"line":5,"column":14}},"2":{"start":{"line":6,"column":2},"end":{"line":6,"column":26}},"3":{"start":{"line":7,"column":2},"end":{"line":7,"column":256}},"4":{"start":{"line":10,"column":0},"end":{"line":10,"column":20}}},"fnMap":{"0":{"name":"(anonymous_0)","decl":{"start":{"line":4,"column":0},"end":{"line":null,"column":-1}},"loc":{"start":{"line":4,"column":0},"end":{"line":8,"column":1}}}},"branchMap":{},"s":{"0":5,"1":1,"2":1,"3":1,"4":5},"f":{"0":1},"b":{}}
,"/home/nlebedevelop/Documents/Repos/web-errors/src/client/415.ts": {"path":"/home/nlebedevelop/Documents/Repos/web-errors/src/client/415.ts","statementMap":{"0":{"start":{"line":1,"column":0},"end":{"line":1,"column":34}},"1":{"start":{"line":5,"column":2},"end":{"line":5,"column":14}},"2":{"start":{"line":6,"column":2},"end":{"line":6,"column":36}},"3":{"start":{"line":7,"column":2},"end":{"line":7,"column":219}},"4":{"start":{"line":10,"column":0},"end":{"line":10,"column":20}}},"fnMap":{"0":{"name":"(anonymous_0)","decl":{"start":{"line":4,"column":0},"end":{"line":null,"column":-1}},"loc":{"start":{"line":4,"column":0},"end":{"line":8,"column":1}}}},"branchMap":{},"s":{"0":5,"1":1,"2":1,"3":1,"4":5},"f":{"0":1},"b":{}}
,"/home/nlebedevelop/Documents/Repos/web-errors/src/client/416.ts": {"path":"/home/nlebedevelop/Documents/Repos/web-errors/src/client/416.ts","statementMap":{"0":{"start":{"line":1,"column":0},"end":{"line":1,"column":34}},"1":{"start":{"line":5,"column":2},"end":{"line":5,"column":14}},"2":{"start":{"line":6,"column":2},"end":{"line":6,"column":35}},"3":{"start":{"line":7,"column":2},"end":{"line":7,"column":270}},"4":{"start":{"line":10,"column":0},"end":{"line":10,"column":20}}},"fnMap":{"0":{"name":"(anonymous_0)","decl":{"start":{"line":4,"column":0},"end":{"line":null,"column":-1}},"loc":{"start":{"line":4,"column":0},"end":{"line":8,"column":1}}}},"branchMap":{},"s":{"0":5,"1":1,"2":1,"3":1,"4":5},"f":{"0":1},"b":{}}
,"/home/nlebedevelop/Documents/Repos/web-errors/src/client/417.ts": {"path":"/home/nlebedevelop/Documents/Repos/web-errors/src/client/417.ts","statementMap":{"0":{"start":{"line":1,"column":0},"end":{"line":1,"column":34}},"1":{"start":{"line":5,"column":2},"end":{"line":5,"column":14}},"2":{"start":{"line":6,"column":2},"end":{"line":6,"column":32}},"3":{"start":{"line":7,"column":2},"end":{"line":7,"column":93}},"4":{"start":{"line":10,"column":0},"end":{"line":10,"column":20}}},"fnMap":{"0":{"name":"(anonymous_0)","decl":{"start":{"line":4,"column":0},"end":{"line":null,"column":-1}},"loc":{"start":{"line":4,"column":0},"end":{"line":8,"column":1}}}},"branchMap":{},"s":{"0":5,"1":1,"2":1,"3":1,"4":5},"f":{"0":1},"b":{}}
,"/home/nlebedevelop/Documents/Repos/web-errors/src/client/418.ts": {"path":"/home/nlebedevelop/Documents/Repos/web-errors/src/client/418.ts","statementMap":{"0":{"start":{"line":1,"column":0},"end":{"line":1,"column":34}},"1":{"start":{"line":5,"column":2},"end":{"line":5,"column":14}},"2":{"start":{"line":6,"column":2},"end":{"line":6,"column":27}},"3":{"start":{"line":7,"column":2},"end":{"line":7,"column":380}},"4":{"start":{"line":10,"column":0},"end":{"line":10,"column":20}}},"fnMap":{"0":{"name":"(anonymous_0)","decl":{"start":{"line":4,"column":0},"end":{"line":null,"column":-1}},"loc":{"start":{"line":4,"column":0},"end":{"line":8,"column":1}}}},"branchMap":{},"s":{"0":5,"1":1,"2":1,"3":1,"4":5},"f":{"0":1},"b":{}}
,"/home/nlebedevelop/Documents/Repos/web-errors/src/client/421.ts": {"path":"/home/nlebedevelop/Documents/Repos/web-errors/src/client/421.ts","statementMap":{"0":{"start":{"line":1,"column":0},"end":{"line":1,"column":34}},"1":{"start":{"line":5,"column":2},"end":{"line":5,"column":14}},"2":{"start":{"line":6,"column":2},"end":{"line":6,"column":33}},"3":{"start":{"line":7,"column":2},"end":{"line":7,"column":136}},"4":{"start":{"line":10,"column":0},"end":{"line":10,"column":20}}},"fnMap":{"0":{"name":"(anonymous_0)","decl":{"start":{"line":4,"column":0},"end":{"line":null,"column":-1}},"loc":{"start":{"line":4,"column":0},"end":{"line":8,"column":1}}}},"branchMap":{},"s":{"0":5,"1":1,"2":1,"3":1,"4":5},"f":{"0":1},"b":{}}
,"/home/nlebedevelop/Documents/Repos/web-errors/src/client/422.ts": {"path":"/home/nlebedevelop/Documents/Repos/web-errors/src/client/422.ts","statementMap":{"0":{"start":{"line":1,"column":0},"end":{"line":1,"column":34}},"1":{"start":{"line":5,"column":2},"end":{"line":5,"column":14}},"2":{"start":{"line":6,"column":2},"end":{"line":6,"column":34}},"3":{"start":{"line":7,"column":2},"end":{"line":7,"column":99}},"4":{"start":{"line":10,"column":0},"end":{"line":10,"column":20}}},"fnMap":{"0":{"name":"(anonymous_0)","decl":{"start":{"line":4,"column":0},"end":{"line":null,"column":-1}},"loc":{"start":{"line":4,"column":0},"end":{"line":8,"column":1}}}},"branchMap":{},"s":{"0":5,"1":1,"2":1,"3":1,"4":5},"f":{"0":1},"b":{}}
,"/home/nlebedevelop/Documents/Repos/web-errors/src/client/423.ts": {"path":"/home/nlebedevelop/Documents/Repos/web-errors/src/client/423.ts","statementMap":{"0":{"start":{"line":1,"column":0},"end":{"line":1,"column":34}},"1":{"start":{"line":5,"column":2},"end":{"line":5,"column":14}},"2":{"start":{"line":6,"column":2},"end":{"line":6,"column":20}},"3":{"start":{"line":7,"column":2},"end":{"line":7,"column":64}},"4":{"start":{"line":10,"column":0},"end":{"line":10,"column":20}}},"fnMap":{"0":{"name":"(anonymous_0)","decl":{"start":{"line":4,"column":0},"end":{"line":null,"column":-1}},"loc":{"start":{"line":4,"column":0},"end":{"line":8,"column":1}}}},"branchMap":{},"s":{"0":5,"1":1,"2":1,"3":1,"4":5},"f":{"0":1},"b":{}}
,"/home/nlebedevelop/Documents/Repos/web-errors/src/client/424.ts": {"path":"/home/nlebedevelop/Documents/Repos/web-errors/src/client/424.ts","statementMap":{"0":{"start":{"line":1,"column":0},"end":{"line":1,"column":34}},"1":{"start":{"line":5,"column":2},"end":{"line":5,"column":14}},"2":{"start":{"line":6,"column":2},"end":{"line":6,"column":31}},"3":{"start":{"line":7,"column":2},"end":{"line":7,"column":120}},"4":{"start":{"line":10,"column":0},"end":{"line":10,"column":20}}},"fnMap":{"0":{"name":"(anonymous_0)","decl":{"start":{"line":4,"column":0},"end":{"line":null,"column":-1}},"loc":{"start":{"line":4,"column":0},"end":{"line":8,"column":1}}}},"branchMap":{},"s":{"0":5,"1":1,"2":1,"3":1,"4":5},"f":{"0":1},"b":{}}
,"/home/nlebedevelop/Documents/Repos/web-errors/src/client/426.ts": {"path":"/home/nlebedevelop/Documents/Repos/web-errors/src/client/426.ts","statementMap":{"0":{"start":{"line":1,"column":0},"end":{"line":1,"column":34}},"1":{"start":{"line":5,"column":2},"end":{"line":5,"column":14}},"2":{"start":{"line":6,"column":2},"end":{"line":6,"column":30}},"3":{"start":{"line":7,"column":2},"end":{"line":7,"column":118}},"4":{"start":{"line":10,"column":0},"end":{"line":10,"column":20}}},"fnMap":{"0":{"name":"(anonymous_0)","decl":{"start":{"line":4,"column":0},"end":{"line":null,"column":-1}},"loc":{"start":{"line":4,"column":0},"end":{"line":8,"column":1}}}},"branchMap":{},"s":{"0":5,"1":1,"2":1,"3":1,"4":5},"f":{"0":1},"b":{}}
,"/home/nlebedevelop/Documents/Repos/web-errors/src/client/428.ts": {"path":"/home/nlebedevelop/Documents/Repos/web-errors/src/client/428.ts","statementMap":{"0":{"start":{"line":1,"column":0},"end":{"line":1,"column":34}},"1":{"start":{"line":5,"column":2},"end":{"line":5,"column":14}},"2":{"start":{"line":6,"column":2},"end":{"line":6,"column":35}},"3":{"start":{"line":7,"column":2},"end":{"line":7,"column":301}},"4":{"start":{"line":10,"column":0},"end":{"line":10,"column":20}}},"fnMap":{"0":{"name":"(anonymous_0)","decl":{"start":{"line":4,"column":0},"end":{"line":null,"column":-1}},"loc":{"start":{"line":4,"column":0},"end":{"line":8,"column":1}}}},"branchMap":{},"s":{"0":5,"1":1,"2":1,"3":1,"4":5},"f":{"0":1},"b":{}}
,"/home/nlebedevelop/Documents/Repos/web-errors/src/client/429.ts": {"path":"/home/nlebedevelop/Documents/Repos/web-errors/src/client/429.ts","statementMap":{"0":{"start":{"line":1,"column":0},"end":{"line":1,"column":34}},"1":{"start":{"line":5,"column":2},"end":{"line":5,"column":14}},"2":{"start":{"line":6,"column":2},"end":{"line":6,"column":31}},"3":{"start":{"line":7,"column":2},"end":{"line":7,"column":125}},"4":{"start":{"line":10,"column":0},"end":{"line":10,"column":20}}},"fnMap":{"0":{"name":"(anonymous_0)","decl":{"start":{"line":4,"column":0},"end":{"line":null,"column":-1}},"loc":{"start":{"line":4,"column":0},"end":{"line":8,"column":1}}}},"branchMap":{},"s":{"0":5,"1":1,"2":1,"3":1,"4":5},"f":{"0":1},"b":{}}
,"/home/nlebedevelop/Documents/Repos/web-errors/src/client/431.ts": {"path":"/home/nlebedevelop/Documents/Repos/web-errors/src/client/431.ts","statementMap":{"0":{"start":{"line":1,"column":0},"end":{"line":1,"column":34}},"1":{"start":{"line":5,"column":2},"end":{"line":5,"column":14}},"2":{"start":{"line":6,"column":2},"end":{"line":6,"column":45}},"3":{"start":{"line":7,"column":2},"end":{"line":7,"column":161}},"4":{"start":{"line":10,"column":0},"end":{"line":10,"column":20}}},"fnMap":{"0":{"name":"(anonymous_0)","decl":{"start":{"line":4,"column":0},"end":{"line":null,"column":-1}},"loc":{"start":{"line":4,"column":0},"end":{"line":8,"column":1}}}},"branchMap":{},"s":{"0":5,"1":1,"2":1,"3":1,"4":5},"f":{"0":1},"b":{}}
,"/home/nlebedevelop/Documents/Repos/web-errors/src/client/451.ts": {"path":"/home/nlebedevelop/Documents/Repos/web-errors/src/client/451.ts","statementMap":{"0":{"start":{"line":1,"column":0},"end":{"line":1,"column":34}},"1":{"start":{"line":5,"column":2},"end":{"line":5,"column":14}},"2":{"start":{"line":6,"column":2},"end":{"line":6,"column":43}},"3":{"start":{"line":7,"column":2},"end":{"line":7,"column":261}},"4":{"start":{"line":10,"column":0},"end":{"line":10,"column":20}}},"fnMap":{"0":{"name":"(anonymous_0)","decl":{"start":{"line":4,"column":0},"end":{"line":null,"column":-1}},"loc":{"start":{"line":4,"column":0},"end":{"line":8,"column":1}}}},"branchMap":{},"s":{"0":5,"1":1,"2":1,"3":1,"4":5},"f":{"0":1},"b":{}}
,"/home/nlebedevelop/Documents/Repos/web-errors/src/client/index.ts": {"path":"/home/nlebedevelop/Documents/Repos/web-errors/src/client/index.ts","statementMap":{"0":{"start":{"line":1,"column":0},"end":{"line":1,"column":42}},"1":{"start":{"line":1,"column":9},"end":{"line":1,"column":28}},"2":{"start":{"line":2,"column":0},"end":{"line":2,"column":42}},"3":{"start":{"line":2,"column":9},"end":{"line":2,"column":28}},"4":{"start":{"line":3,"column":0},"end":{"line":3,"column":42}},"5":{"start":{"line":3,"column":9},"end":{"line":3,"column":28}},"6":{"start":{"line":4,"column":0},"end":{"line":4,"column":42}},"7":{"start":{"line":4,"column":9},"end":{"line":4,"column":28}},"8":{"start":{"line":5,"column":0},"end":{"line":5,"column":42}},"9":{"start":{"line":5,"column":9},"end":{"line":5,"column":28}},"10":{"start":{"line":6,"column":0},"end":{"line":6,"column":42}},"11":{"start":{"line":6,"column":9},"end":{"line":6,"column":28}},"12":{"start":{"line":7,"column":0},"end":{"line":7,"column":42}},"13":{"start":{"line":7,"column":9},"end":{"line":7,"column":28}},"14":{"start":{"line":8,"column":0},"end":{"line":8,"column":42}},"15":{"start":{"line":8,"column":9},"end":{"line":8,"column":28}},"16":{"start":{"line":9,"column":0},"end":{"line":9,"column":42}},"17":{"start":{"line":9,"column":9},"end":{"line":9,"column":28}},"18":{"start":{"line":10,"column":0},"end":{"line":10,"column":42}},"19":{"start":{"line":10,"column":9},"end":{"line":10,"column":28}},"20":{"start":{"line":11,"column":0},"end":{"line":11,"column":42}},"21":{"start":{"line":11,"column":9},"end":{"line":11,"column":28}},"22":{"start":{"line":12,"column":0},"end":{"line":12,"column":42}},"23":{"start":{"line":12,"column":9},"end":{"line":12,"column":28}},"24":{"start":{"line":13,"column":0},"end":{"line":13,"column":42}},"25":{"start":{"line":13,"column":9},"end":{"line":13,"column":28}},"26":{"start":{"line":14,"column":0},"end":{"line":14,"column":42}},"27":{"start":{"line":14,"column":9},"end":{"line":14,"column":28}},"28":{"start":{"line":15,"column":0},"end":{"line":15,"column":42}},"29":{"start":{"line":15,"column":9},"end":{"line":15,"column":28}},"30":{"start":{"line":16,"column":0},"end":{"line":16,"column":42}},"31":{"start":{"line":16,"column":9},"end":{"line":16,"column":28}},"32":{"start":{"line":17,"column":0},"end":{"line":17,"column":42}},"33":{"start":{"line":17,"column":9},"end":{"line":17,"column":28}},"34":{"start":{"line":18,"column":0},"end":{"line":18,"column":42}},"35":{"start":{"line":18,"column":9},"end":{"line":18,"column":28}},"36":{"start":{"line":19,"column":0},"end":{"line":19,"column":42}},"37":{"start":{"line":19,"column":9},"end":{"line":19,"column":28}},"38":{"start":{"line":20,"column":0},"end":{"line":20,"column":42}},"39":{"start":{"line":20,"column":9},"end":{"line":20,"column":28}},"40":{"start":{"line":21,"column":0},"end":{"line":21,"column":42}},"41":{"start":{"line":21,"column":9},"end":{"line":21,"column":28}},"42":{"start":{"line":22,"column":0},"end":{"line":22,"column":42}},"43":{"start":{"line":22,"column":9},"end":{"line":22,"column":28}},"44":{"start":{"line":23,"column":0},"end":{"line":23,"column":42}},"45":{"start":{"line":23,"column":9},"end":{"line":23,"column":28}},"46":{"start":{"line":24,"column":0},"end":{"line":24,"column":42}},"47":{"start":{"line":24,"column":9},"end":{"line":24,"column":28}},"48":{"start":{"line":25,"column":0},"end":{"line":25,"column":42}},"49":{"start":{"line":25,"column":9},"end":{"line":25,"column":28}},"50":{"start":{"line":26,"column":0},"end":{"line":26,"column":42}},"51":{"start":{"line":26,"column":9},"end":{"line":26,"column":28}},"52":{"start":{"line":27,"column":0},"end":{"line":27,"column":42}},"53":{"start":{"line":27,"column":9},"end":{"line":27,"column":28}},"54":{"start":{"line":28,"column":0},"end":{"line":28,"column":42}},"55":{"start":{"line":28,"column":9},"end":{"line":28,"column":28}}},"fnMap":{},"branchMap":{},"s":{"0":5,"1":5,"2":5,"3":5,"4":5,"5":5,"6":5,"7":5,"8":5,"9":5,"10":5,"11":5,"12":5,"13":5,"14":5,"15":5,"16":5,"17":5,"18":5,"19":5,"20":5,"21":5,"22":5,"23":5,"24":5,"25":5,"26":5,"27":5,"28":5,"29":5,"30":5,"31":5,"32":5,"33":5,"34":5,"35":5,"36":5,"37":5,"38":5,"39":5,"40":5,"41":5,"42":5,"43":5,"44":5,"45":5,"46":5,"47":5,"48":5,"49":5,"50":5,"51":5,"52":5,"53":5,"54":5,"55":5},"f":{},"b":{}}
,"/home/nlebedevelop/Documents/Repos/web-errors/src/information/100.ts": {"path":"/home/nlebedevelop/Documents/Repos/web-errors/src/information/100.ts","statementMap":{"0":{"start":{"line":1,"column":0},"end":{"line":1,"column":34}},"1":{"start":{"line":5,"column":2},"end":{"line":5,"column":14}},"2":{"start":{"line":6,"column":2},"end":{"line":6,"column":22}},"3":{"start":{"line":7,"column":2},"end":{"line":7,"column":886}},"4":{"start":{"line":10,"column":0},"end":{"line":10,"column":20}}},"fnMap":{"0":{"name":"(anonymous_0)","decl":{"start":{"line":4,"column":0},"end":{"line":null,"column":-1}},"loc":{"start":{"line":4,"column":0},"end":{"line":8,"column":1}}}},"branchMap":{},"s":{"0":5,"1":1,"2":1,"3":1,"4":5},"f":{"0":1},"b":{}}
,"/home/nlebedevelop/Documents/Repos/web-errors/src/information/101.ts": {"path":"/home/nlebedevelop/Documents/Repos/web-errors/src/information/101.ts","statementMap":{"0":{"start":{"line":1,"column":0},"end":{"line":1,"column":34}},"1":{"start":{"line":5,"column":2},"end":{"line":5,"column":14}},"2":{"start":{"line":6,"column":2},"end":{"line":6,"column":33}},"3":{"start":{"line":7,"column":2},"end":{"line":7,"column":108}},"4":{"start":{"line":10,"column":0},"end":{"line":10,"column":20}}},"fnMap":{"0":{"name":"(anonymous_0)","decl":{"start":{"line":4,"column":0},"end":{"line":null,"column":-1}},"loc":{"start":{"line":4,"column":0},"end":{"line":8,"column":1}}}},"branchMap":{},"s":{"0":5,"1":1,"2":1,"3":1,"4":5},"f":{"0":1},"b":{}}
,"/home/nlebedevelop/Documents/Repos/web-errors/src/information/102.ts": {"path":"/home/nlebedevelop/Documents/Repos/web-errors/src/information/102.ts","statementMap":{"0":{"start":{"line":1,"column":0},"end":{"line":1,"column":34}},"1":{"start":{"line":5,"column":2},"end":{"line":5,"column":14}},"2":{"start":{"line":6,"column":2},"end":{"line":6,"column":24}},"3":{"start":{"line":7,"column":2},"end":{"line":7,"column":328}},"4":{"start":{"line":10,"column":0},"end":{"line":10,"column":20}}},"fnMap":{"0":{"name":"(anonymous_0)","decl":{"start":{"line":4,"column":0},"end":{"line":null,"column":-1}},"loc":{"start":{"line":4,"column":0},"end":{"line":8,"column":1}}}},"branchMap":{},"s":{"0":5,"1":1,"2":1,"3":1,"4":5},"f":{"0":1},"b":{}}
,"/home/nlebedevelop/Documents/Repos/web-errors/src/information/103.ts": {"path":"/home/nlebedevelop/Documents/Repos/web-errors/src/information/103.ts","statementMap":{"0":{"start":{"line":1,"column":0},"end":{"line":1,"column":34}},"1":{"start":{"line":5,"column":2},"end":{"line":5,"column":14}},"2":{"start":{"line":6,"column":2},"end":{"line":6,"column":25}},"3":{"start":{"line":7,"column":2},"end":{"line":7,"column":81}},"4":{"start":{"line":10,"column":0},"end":{"line":10,"column":20}}},"fnMap":{"0":{"name":"(anonymous_0)","decl":{"start":{"line":4,"column":0},"end":{"line":null,"column":-1}},"loc":{"start":{"line":4,"column":0},"end":{"line":8,"column":1}}}},"branchMap":{},"s":{"0":5,"1":1,"2":1,"3":1,"4":5},"f":{"0":1},"b":{}}
,"/home/nlebedevelop/Documents/Repos/web-errors/src/information/index.ts": {"path":"/home/nlebedevelop/Documents/Repos/web-errors/src/information/index.ts","statementMap":{"0":{"start":{"line":1,"column":0},"end":{"line":1,"column":42}},"1":{"start":{"line":1,"column":9},"end":{"line":1,"column":28}},"2":{"start":{"line":2,"column":0},"end":{"line":2,"column":42}},"3":{"start":{"line":2,"column":9},"end":{"line":2,"column":28}},"4":{"start":{"line":3,"column":0},"end":{"line":3,"column":42}},"5":{"start":{"line":3,"column":9},"end":{"line":3,"column":28}},"6":{"start":{"line":4,"column":0},"end":{"line":4,"column":42}},"7":{"start":{"line":4,"column":9},"end":{"line":4,"column":28}}},"fnMap":{},"branchMap":{},"s":{"0":5,"1":5,"2":5,"3":5,"4":5,"5":5,"6":5,"7":5},"f":{},"b":{}}
,"/home/nlebedevelop/Documents/Repos/web-errors/src/redirection/300.ts": {"path":"/home/nlebedevelop/Documents/Repos/web-errors/src/redirection/300.ts","statementMap":{"0":{"start":{"line":1,"column":0},"end":{"line":1,"column":34}},"1":{"start":{"line":5,"column":2},"end":{"line":5,"column":14}},"2":{"start":{"line":6,"column":2},"end":{"line":6,"column":30}},"3":{"start":{"line":7,"column":2},"end":{"line":7,"column":304}},"4":{"start":{"line":10,"column":0},"end":{"line":10,"column":20}}},"fnMap":{"0":{"name":"(anonymous_0)","decl":{"start":{"line":4,"column":0},"end":{"line":null,"column":-1}},"loc":{"start":{"line":4,"column":0},"end":{"line":8,"column":1}}}},"branchMap":{},"s":{"0":5,"1":1,"2":1,"3":1,"4":5},"f":{"0":1},"b":{}}
,"/home/nlebedevelop/Documents/Repos/web-errors/src/redirection/301.ts": {"path":"/home/nlebedevelop/Documents/Repos/web-errors/src/redirection/301.ts","statementMap":{"0":{"start":{"line":1,"column":0},"end":{"line":1,"column":34}},"1":{"start":{"line":5,"column":2},"end":{"line":5,"column":14}},"2":{"start":{"line":6,"column":2},"end":{"line":6,"column":31}},"3":{"start":{"line":7,"column":2},"end":{"line":7,"column":83}},"4":{"start":{"line":10,"column":0},"end":{"line":10,"column":20}}},"fnMap":{"0":{"name":"(anonymous_0)","decl":{"start":{"line":4,"column":0},"end":{"line":null,"column":-1}},"loc":{"start":{"line":4,"column":0},"end":{"line":8,"column":1}}}},"branchMap":{},"s":{"0":5,"1":1,"2":1,"3":1,"4":5},"f":{"0":1},"b":{}}
,"/home/nlebedevelop/Documents/Repos/web-errors/src/redirection/302.ts": {"path":"/home/nlebedevelop/Documents/Repos/web-errors/src/redirection/302.ts","statementMap":{"0":{"start":{"line":1,"column":0},"end":{"line":1,"column":34}},"1":{"start":{"line":5,"column":2},"end":{"line":5,"column":14}},"2":{"start":{"line":6,"column":2},"end":{"line":6,"column":19}},"3":{"start":{"line":7,"column":2},"end":{"line":7,"column":597}},"4":{"start":{"line":10,"column":0},"end":{"line":10,"column":20}}},"fnMap":{"0":{"name":"(anonymous_0)","decl":{"start":{"line":4,"column":0},"end":{"line":null,"column":-1}},"loc":{"start":{"line":4,"column":0},"end":{"line":8,"column":1}}}},"branchMap":{},"s":{"0":5,"1":1,"2":1,"3":1,"4":5},"f":{"0":1},"b":{}}
,"/home/nlebedevelop/Documents/Repos/web-errors/src/redirection/303.ts": {"path":"/home/nlebedevelop/Documents/Repos/web-errors/src/redirection/303.ts","statementMap":{"0":{"start":{"line":1,"column":0},"end":{"line":1,"column":34}},"1":{"start":{"line":5,"column":2},"end":{"line":5,"column":14}},"2":{"start":{"line":6,"column":2},"end":{"line":6,"column":23}},"3":{"start":{"line":7,"column":2},"end":{"line":7,"column":268}},"4":{"start":{"line":10,"column":0},"end":{"line":10,"column":20}}},"fnMap":{"0":{"name":"(anonymous_0)","decl":{"start":{"line":4,"column":0},"end":{"line":null,"column":-1}},"loc":{"start":{"line":4,"column":0},"end":{"line":8,"column":1}}}},"branchMap":{},"s":{"0":5,"1":1,"2":1,"3":1,"4":5},"f":{"0":1},"b":{}}
,"/home/nlebedevelop/Documents/Repos/web-errors/src/redirection/304.ts": {"path":"/home/nlebedevelop/Documents/Repos/web-errors/src/redirection/304.ts","statementMap":{"0":{"start":{"line":1,"column":0},"end":{"line":1,"column":34}},"1":{"start":{"line":5,"column":2},"end":{"line":5,"column":14}},"2":{"start":{"line":6,"column":2},"end":{"line":6,"column":26}},"3":{"start":{"line":7,"column":2},"end":{"line":7,"column":269}},"4":{"start":{"line":10,"column":0},"end":{"line":10,"column":20}}},"fnMap":{"0":{"name":"(anonymous_0)","decl":{"start":{"line":4,"column":0},"end":{"line":null,"column":-1}},"loc":{"start":{"line":4,"column":0},"end":{"line":8,"column":1}}}},"branchMap":{},"s":{"0":5,"1":1,"2":1,"3":1,"4":5},"f":{"0":1},"b":{}}
,"/home/nlebedevelop/Documents/Repos/web-errors/src/redirection/305.ts": {"path":"/home/nlebedevelop/Documents/Repos/web-errors/src/redirection/305.ts","statementMap":{"0":{"start":{"line":1,"column":0},"end":{"line":1,"column":34}},"1":{"start":{"line":5,"column":2},"end":{"line":5,"column":14}},"2":{"start":{"line":6,"column":2},"end":{"line":6,"column":23}},"3":{"start":{"line":7,"column":2},"end":{"line":7,"column":273}},"4":{"start":{"line":10,"column":0},"end":{"line":10,"column":20}}},"fnMap":{"0":{"name":"(anonymous_0)","decl":{"start":{"line":4,"column":0},"end":{"line":null,"column":-1}},"loc":{"start":{"line":4,"column":0},"end":{"line":8,"column":1}}}},"branchMap":{},"s":{"0":5,"1":1,"2":1,"3":1,"4":5},"f":{"0":1},"b":{}}
,"/home/nlebedevelop/Documents/Repos/web-errors/src/redirection/306.ts": {"path":"/home/nlebedevelop/Documents/Repos/web-errors/src/redirection/306.ts","statementMap":{"0":{"start":{"line":1,"column":0},"end":{"line":1,"column":34}},"1":{"start":{"line":5,"column":2},"end":{"line":5,"column":14}},"2":{"start":{"line":6,"column":2},"end":{"line":6,"column":26}},"3":{"start":{"line":7,"column":2},"end":{"line":7,"column":103}},"4":{"start":{"line":10,"column":0},"end":{"line":10,"column":20}}},"fnMap":{"0":{"name":"(anonymous_0)","decl":{"start":{"line":4,"column":0},"end":{"line":null,"column":-1}},"loc":{"start":{"line":4,"column":0},"end":{"line":8,"column":1}}}},"branchMap":{},"s":{"0":5,"1":1,"2":1,"3":1,"4":5},"f":{"0":1},"b":{}}
,"/home/nlebedevelop/Documents/Repos/web-errors/src/redirection/307.ts": {"path":"/home/nlebedevelop/Documents/Repos/web-errors/src/redirection/307.ts","statementMap":{"0":{"start":{"line":1,"column":0},"end":{"line":1,"column":34}},"1":{"start":{"line":5,"column":2},"end":{"line":5,"column":14}},"2":{"start":{"line":6,"column":2},"end":{"line":6,"column":32}},"3":{"start":{"line":7,"column":2},"end":{"line":7,"column":353}},"4":{"start":{"line":10,"column":0},"end":{"line":10,"column":20}}},"fnMap":{"0":{"name":"(anonymous_0)","decl":{"start":{"line":4,"column":0},"end":{"line":null,"column":-1}},"loc":{"start":{"line":4,"column":0},"end":{"line":8,"column":1}}}},"branchMap":{},"s":{"0":5,"1":1,"2":1,"3":1,"4":5},"f":{"0":1},"b":{}}
,"/home/nlebedevelop/Documents/Repos/web-errors/src/redirection/308.ts": {"path":"/home/nlebedevelop/Documents/Repos/web-errors/src/redirection/308.ts","statementMap":{"0":{"start":{"line":1,"column":0},"end":{"line":1,"column":34}},"1":{"start":{"line":5,"column":2},"end":{"line":5,"column":14}},"2":{"start":{"line":6,"column":2},"end":{"line":6,"column":32}},"3":{"start":{"line":7,"column":2},"end":{"line":7,"column":281}},"4":{"start":{"line":10,"column":0},"end":{"line":10,"column":20}}},"fnMap":{"0":{"name":"(anonymous_0)","decl":{"start":{"line":4,"column":0},"end":{"line":null,"column":-1}},"loc":{"start":{"line":4,"column":0},"end":{"line":8,"column":1}}}},"branchMap":{},"s":{"0":5,"1":1,"2":1,"3":1,"4":5},"f":{"0":1},"b":{}}
,"/home/nlebedevelop/Documents/Repos/web-errors/src/redirection/index.ts": {"path":"/home/nlebedevelop/Documents/Repos/web-errors/src/redirection/index.ts","statementMap":{"0":{"start":{"line":1,"column":0},"end":{"line":1,"column":42}},"1":{"start":{"line":1,"column":9},"end":{"line":1,"column":28}},"2":{"start":{"line":2,"column":0},"end":{"line":2,"column":42}},"3":{"start":{"line":2,"column":9},"end":{"line":2,"column":28}},"4":{"start":{"line":3,"column":0},"end":{"line":3,"column":42}},"5":{"start":{"line":3,"column":9},"end":{"line":3,"column":28}},"6":{"start":{"line":4,"column":0},"end":{"line":4,"column":42}},"7":{"start":{"line":4,"column":9},"end":{"line":4,"column":28}},"8":{"start":{"line":5,"column":0},"end":{"line":5,"column":42}},"9":{"start":{"line":5,"column":9},"end":{"line":5,"column":28}},"10":{"start":{"line":6,"column":0},"end":{"line":6,"column":42}},"11":{"start":{"line":6,"column":9},"end":{"line":6,"column":28}},"12":{"start":{"line":7,"column":0},"end":{"line":7,"column":42}},"13":{"start":{"line":7,"column":9},"end":{"line":7,"column":28}},"14":{"start":{"line":8,"column":0},"end":{"line":8,"column":42}},"15":{"start":{"line":8,"column":9},"end":{"line":8,"column":28}},"16":{"start":{"line":9,"column":0},"end":{"line":9,"column":42}},"17":{"start":{"line":9,"column":9},"end":{"line":9,"column":28}}},"fnMap":{},"branchMap":{},"s":{"0":5,"1":5,"2":5,"3":5,"4":5,"5":5,"6":5,"7":5,"8":5,"9":5,"10":5,"11":5,"12":5,"13":5,"14":5,"15":5,"16":5,"17":5},"f":{},"b":{}}
,"/home/nlebedevelop/Documents/Repos/web-errors/src/server/500.ts": {"path":"/home/nlebedevelop/Documents/Repos/web-errors/src/server/500.ts","statementMap":{"0":{"start":{"line":1,"column":0},"end":{"line":1,"column":34}},"1":{"start":{"line":5,"column":2},"end":{"line":5,"column":14}},"2":{"start":{"line":6,"column":2},"end":{"line":6,"column":35}},"3":{"start":{"line":7,"column":2},"end":{"line":7,"column":135}},"4":{"start":{"line":10,"column":0},"end":{"line":10,"column":20}}},"fnMap":{"0":{"name":"(anonymous_0)","decl":{"start":{"line":4,"column":0},"end":{"line":null,"column":-1}},"loc":{"start":{"line":4,"column":0},"end":{"line":8,"column":1}}}},"branchMap":{},"s":{"0":5,"1":1,"2":1,"3":1,"4":5},"f":{"0":1},"b":{}}
,"/home/nlebedevelop/Documents/Repos/web-errors/src/server/501.ts": {"path":"/home/nlebedevelop/Documents/Repos/web-errors/src/server/501.ts","statementMap":{"0":{"start":{"line":1,"column":0},"end":{"line":1,"column":34}},"1":{"start":{"line":5,"column":2},"end":{"line":5,"column":14}},"2":{"start":{"line":6,"column":2},"end":{"line":6,"column":29}},"3":{"start":{"line":7,"column":2},"end":{"line":7,"column":206}},"4":{"start":{"line":10,"column":0},"end":{"line":10,"column":20}}},"fnMap":{"0":{"name":"(anonymous_0)","decl":{"start":{"line":4,"column":0},"end":{"line":null,"column":-1}},"loc":{"start":{"line":4,"column":0},"end":{"line":8,"column":1}}}},"branchMap":{},"s":{"0":5,"1":1,"2":1,"3":1,"4":5},"f":{"0":1},"b":{}}
,"/home/nlebedevelop/Documents/Repos/web-errors/src/server/502.ts": {"path":"/home/nlebedevelop/Documents/Repos/web-errors/src/server/502.ts","statementMap":{"0":{"start":{"line":1,"column":0},"end":{"line":1,"column":34}},"1":{"start":{"line":5,"column":2},"end":{"line":5,"column":14}},"2":{"start":{"line":6,"column":2},"end":{"line":6,"column":25}},"3":{"start":{"line":7,"column":2},"end":{"line":7,"column":120}},"4":{"start":{"line":10,"column":0},"end":{"line":10,"column":20}}},"fnMap":{"0":{"name":"(anonymous_0)","decl":{"start":{"line":4,"column":0},"end":{"line":null,"column":-1}},"loc":{"start":{"line":4,"column":0},"end":{"line":8,"column":1}}}},"branchMap":{},"s":{"0":5,"1":1,"2":1,"3":1,"4":5},"f":{"0":1},"b":{}}
,"/home/nlebedevelop/Documents/Repos/web-errors/src/server/503.ts": {"path":"/home/nlebedevelop/Documents/Repos/web-errors/src/server/503.ts","statementMap":{"0":{"start":{"line":1,"column":0},"end":{"line":1,"column":34}},"1":{"start":{"line":5,"column":2},"end":{"line":5,"column":14}},"2":{"start":{"line":6,"column":2},"end":{"line":6,"column":33}},"3":{"start":{"line":7,"column":2},"end":{"line":7,"column":143}},"4":{"start":{"line":10,"column":0},"end":{"line":10,"column":20}}},"fnMap":{"0":{"name":"(anonymous_0)","decl":{"start":{"line":4,"column":0},"end":{"line":null,"column":-1}},"loc":{"start":{"line":4,"column":0},"end":{"line":8,"column":1}}}},"branchMap":{},"s":{"0":5,"1":1,"2":1,"3":1,"4":5},"f":{"0":1},"b":{}}
,"/home/nlebedevelop/Documents/Repos/web-errors/src/server/504.ts": {"path":"/home/nlebedevelop/Documents/Repos/web-errors/src/server/504.ts","statementMap":{"0":{"start":{"line":1,"column":0},"end":{"line":1,"column":34}},"1":{"start":{"line":5,"column":2},"end":{"line":5,"column":14}},"2":{"start":{"line":6,"column":2},"end":{"line":6,"column":29}},"3":{"start":{"line":7,"column":2},"end":{"line":7,"column":125}},"4":{"start":{"line":10,"column":0},"end":{"line":10,"column":20}}},"fnMap":{"0":{"name":"(anonymous_0)","decl":{"start":{"line":4,"column":0},"end":{"line":null,"column":-1}},"loc":{"start":{"line":4,"column":0},"end":{"line":8,"column":1}}}},"branchMap":{},"s":{"0":5,"1":1,"2":1,"3":1,"4":5},"f":{"0":1},"b":{}}
,"/home/nlebedevelop/Documents/Repos/web-errors/src/server/505.ts": {"path":"/home/nlebedevelop/Documents/Repos/web-errors/src/server/505.ts","statementMap":{"0":{"start":{"line":1,"column":0},"end":{"line":1,"column":34}},"1":{"start":{"line":5,"column":2},"end":{"line":5,"column":14}},"2":{"start":{"line":6,"column":2},"end":{"line":6,"column":40}},"3":{"start":{"line":7,"column":2},"end":{"line":7,"column":92}},"4":{"start":{"line":10,"column":0},"end":{"line":10,"column":20}}},"fnMap":{"0":{"name":"(anonymous_0)","decl":{"start":{"line":4,"column":0},"end":{"line":null,"column":-1}},"loc":{"start":{"line":4,"column":0},"end":{"line":8,"column":1}}}},"branchMap":{},"s":{"0":5,"1":1,"2":1,"3":1,"4":5},"f":{"0":1},"b":{}}
,"/home/nlebedevelop/Documents/Repos/web-errors/src/server/506.ts": {"path":"/home/nlebedevelop/Documents/Repos/web-errors/src/server/506.ts","statementMap":{"0":{"start":{"line":1,"column":0},"end":{"line":1,"column":34}},"1":{"start":{"line":5,"column":2},"end":{"line":5,"column":14}},"2":{"start":{"line":6,"column":2},"end":{"line":6,"column":37}},"3":{"start":{"line":7,"column":2},"end":{"line":7,"column":98}},"4":{"start":{"line":10,"column":0},"end":{"line":10,"column":20}}},"fnMap":{"0":{"name":"(anonymous_0)","decl":{"start":{"line":4,"column":0},"end":{"line":null,"column":-1}},"loc":{"start":{"line":4,"column":0},"end":{"line":8,"column":1}}}},"branchMap":{},"s":{"0":5,"1":1,"2":1,"3":1,"4":5},"f":{"0":1},"b":{}}
,"/home/nlebedevelop/Documents/Repos/web-errors/src/server/507.ts": {"path":"/home/nlebedevelop/Documents/Repos/web-errors/src/server/507.ts","statementMap":{"0":{"start":{"line":1,"column":0},"end":{"line":1,"column":34}},"1":{"start":{"line":5,"column":2},"end":{"line":5,"column":14}},"2":{"start":{"line":6,"column":2},"end":{"line":6,"column":34}},"3":{"start":{"line":7,"column":2},"end":{"line":7,"column":98}},"4":{"start":{"line":10,"column":0},"end":{"line":10,"column":20}}},"fnMap":{"0":{"name":"(anonymous_0)","decl":{"start":{"line":4,"column":0},"end":{"line":null,"column":-1}},"loc":{"start":{"line":4,"column":0},"end":{"line":8,"column":1}}}},"branchMap":{},"s":{"0":5,"1":1,"2":1,"3":1,"4":5},"f":{"0":1},"b":{}}
,"/home/nlebedevelop/Documents/Repos/web-errors/src/server/508.ts": {"path":"/home/nlebedevelop/Documents/Repos/web-errors/src/server/508.ts","statementMap":{"0":{"start":{"line":1,"column":0},"end":{"line":1,"column":34}},"1":{"start":{"line":5,"column":2},"end":{"line":5,"column":14}},"2":{"start":{"line":6,"column":2},"end":{"line":6,"column":27}},"3":{"start":{"line":7,"column":2},"end":{"line":7,"column":122}},"4":{"start":{"line":10,"column":0},"end":{"line":10,"column":20}}},"fnMap":{"0":{"name":"(anonymous_0)","decl":{"start":{"line":4,"column":0},"end":{"line":null,"column":-1}},"loc":{"start":{"line":4,"column":0},"end":{"line":8,"column":1}}}},"branchMap":{},"s":{"0":5,"1":1,"2":1,"3":1,"4":5},"f":{"0":1},"b":{}}
,"/home/nlebedevelop/Documents/Repos/web-errors/src/server/510.ts": {"path":"/home/nlebedevelop/Documents/Repos/web-errors/src/server/510.ts","statementMap":{"0":{"start":{"line":1,"column":0},"end":{"line":1,"column":34}},"1":{"start":{"line":5,"column":2},"end":{"line":5,"column":14}},"2":{"start":{"line":6,"column":2},"end":{"line":6,"column":26}},"3":{"start":{"line":7,"column":2},"end":{"line":7,"column":93}},"4":{"start":{"line":10,"column":0},"end":{"line":10,"column":20}}},"fnMap":{"0":{"name":"(anonymous_0)","decl":{"start":{"line":4,"column":0},"end":{"line":null,"column":-1}},"loc":{"start":{"line":4,"column":0},"end":{"line":8,"column":1}}}},"branchMap":{},"s":{"0":5,"1":1,"2":1,"3":1,"4":5},"f":{"0":1},"b":{}}
,"/home/nlebedevelop/Documents/Repos/web-errors/src/server/511.ts": {"path":"/home/nlebedevelop/Documents/Repos/web-errors/src/server/511.ts","statementMap":{"0":{"start":{"line":1,"column":0},"end":{"line":1,"column":34}},"1":{"start":{"line":5,"column":2},"end":{"line":5,"column":14}},"2":{"start":{"line":6,"column":2},"end":{"line":6,"column":45}},"3":{"start":{"line":7,"column":2},"end":{"line":7,"column":283}},"4":{"start":{"line":10,"column":0},"end":{"line":10,"column":20}}},"fnMap":{"0":{"name":"(anonymous_0)","decl":{"start":{"line":4,"column":0},"end":{"line":null,"column":-1}},"loc":{"start":{"line":4,"column":0},"end":{"line":8,"column":1}}}},"branchMap":{},"s":{"0":5,"1":1,"2":1,"3":1,"4":5},"f":{"0":1},"b":{}}
,"/home/nlebedevelop/Documents/Repos/web-errors/src/server/index.ts": {"path":"/home/nlebedevelop/Documents/Repos/web-errors/src/server/index.ts","statementMap":{"0":{"start":{"line":1,"column":0},"end":{"line":1,"column":42}},"1":{"start":{"line":1,"column":9},"end":{"line":1,"column":28}},"2":{"start":{"line":2,"column":0},"end":{"line":2,"column":42}},"3":{"start":{"line":2,"column":9},"end":{"line":2,"column":28}},"4":{"start":{"line":3,"column":0},"end":{"line":3,"column":42}},"5":{"start":{"line":3,"column":9},"end":{"line":3,"column":28}},"6":{"start":{"line":4,"column":0},"end":{"line":4,"column":42}},"7":{"start":{"line":4,"column":9},"end":{"line":4,"column":28}},"8":{"start":{"line":5,"column":0},"end":{"line":5,"column":42}},"9":{"start":{"line":5,"column":9},"end":{"line":5,"column":28}},"10":{"start":{"line":6,"column":0},"end":{"line":6,"column":42}},"11":{"start":{"line":6,"column":9},"end":{"line":6,"column":28}},"12":{"start":{"line":7,"column":0},"end":{"line":7,"column":42}},"13":{"start":{"line":7,"column":9},"end":{"line":7,"column":28}},"14":{"start":{"line":8,"column":0},"end":{"line":8,"column":42}},"15":{"start":{"line":8,"column":9},"end":{"line":8,"column":28}},"16":{"start":{"line":9,"column":0},"end":{"line":9,"column":42}},"17":{"start":{"line":9,"column":9},"end":{"line":9,"column":28}},"18":{"start":{"line":10,"column":0},"end":{"line":10,"column":42}},"19":{"start":{"line":10,"column":9},"end":{"line":10,"column":28}},"20":{"start":{"line":11,"column":0},"end":{"line":11,"column":42}},"21":{"start":{"line":11,"column":9},"end":{"line":11,"column":28}}},"fnMap":{},"branchMap":{},"s":{"0":5,"1":5,"2":5,"3":5,"4":5,"5":5,"6":5,"7":5,"8":5,"9":5,"10":5,"11":5,"12":5,"13":5,"14":5,"15":5,"16":5,"17":5,"18":5,"19":5,"20":5,"21":5},"f":{},"b":{}}
,"/home/nlebedevelop/Documents/Repos/web-errors/src/success/200.ts": {"path":"/home/nlebedevelop/Documents/Repos/web-errors/src/success/200.ts","statementMap":{"0":{"start":{"line":1,"column":0},"end":{"line":1,"column":34}},"1":{"start":{"line":5,"column":2},"end":{"line":5,"column":14}},"2":{"start":{"line":6,"column":2},"end":{"line":6,"column":16}},"3":{"start":{"line":7,"column":2},"end":{"line":7,"column":326}},"4":{"start":{"line":10,"column":0},"end":{"line":10,"column":20}}},"fnMap":{"0":{"name":"(anonymous_0)","decl":{"start":{"line":4,"column":0},"end":{"line":null,"column":-1}},"loc":{"start":{"line":4,"column":0},"end":{"line":8,"column":1}}}},"branchMap":{},"s":{"0":5,"1":1,"2":1,"3":1,"4":5},"f":{"0":1},"b":{}}
,"/home/nlebedevelop/Documents/Repos/web-errors/src/success/201.ts": {"path":"/home/nlebedevelop/Documents/Repos/web-errors/src/success/201.ts","statementMap":{"0":{"start":{"line":1,"column":0},"end":{"line":1,"column":34}},"1":{"start":{"line":5,"column":2},"end":{"line":5,"column":14}},"2":{"start":{"line":6,"column":2},"end":{"line":6,"column":21}},"3":{"start":{"line":7,"column":2},"end":{"line":7,"column":94}},"4":{"start":{"line":10,"column":0},"end":{"line":10,"column":20}}},"fnMap":{"0":{"name":"(anonymous_0)","decl":{"start":{"line":4,"column":0},"end":{"line":null,"column":-1}},"loc":{"start":{"line":4,"column":0},"end":{"line":8,"column":1}}}},"branchMap":{},"s":{"0":5,"1":1,"2":1,"3":1,"4":5},"f":{"0":1},"b":{}}
,"/home/nlebedevelop/Documents/Repos/web-errors/src/success/202.ts": {"path":"/home/nlebedevelop/Documents/Repos/web-errors/src/success/202.ts","statementMap":{"0":{"start":{"line":1,"column":0},"end":{"line":1,"column":34}},"1":{"start":{"line":5,"column":2},"end":{"line":5,"column":14}},"2":{"start":{"line":6,"column":2},"end":{"line":6,"column":22}},"3":{"start":{"line":7,"column":2},"end":{"line":7,"column":209}},"4":{"start":{"line":10,"column":0},"end":{"line":10,"column":20}}},"fnMap":{"0":{"name":"(anonymous_0)","decl":{"start":{"line":4,"column":0},"end":{"line":null,"column":-1}},"loc":{"start":{"line":4,"column":0},"end":{"line":8,"column":1}}}},"branchMap":{},"s":{"0":5,"1":1,"2":1,"3":1,"4":5},"f":{"0":1},"b":{}}
,"/home/nlebedevelop/Documents/Repos/web-errors/src/success/203.ts": {"path":"/home/nlebedevelop/Documents/Repos/web-errors/src/success/203.ts","statementMap":{"0":{"start":{"line":1,"column":0},"end":{"line":1,"column":34}},"1":{"start":{"line":5,"column":2},"end":{"line":5,"column":14}},"2":{"start":{"line":6,"column":2},"end":{"line":6,"column":43}},"3":{"start":{"line":7,"column":2},"end":{"line":7,"column":180}},"4":{"start":{"line":10,"column":0},"end":{"line":10,"column":20}}},"fnMap":{"0":{"name":"(anonymous_0)","decl":{"start":{"line":4,"column":0},"end":{"line":null,"column":-1}},"loc":{"start":{"line":4,"column":0},"end":{"line":8,"column":1}}}},"branchMap":{},"s":{"0":5,"1":1,"2":1,"3":1,"4":5},"f":{"0":1},"b":{}}
,"/home/nlebedevelop/Documents/Repos/web-errors/src/success/204.ts": {"path":"/home/nlebedevelop/Documents/Repos/web-errors/src/success/204.ts","statementMap":{"0":{"start":{"line":1,"column":0},"end":{"line":1,"column":34}},"1":{"start":{"line":5,"column":2},"end":{"line":5,"column":14}},"2":{"start":{"line":6,"column":2},"end":{"line":6,"column":24}},"3":{"start":{"line":7,"column":2},"end":{"line":7,"column":180}},"4":{"start":{"line":10,"column":0},"end":{"line":10,"column":20}}},"fnMap":{"0":{"name":"(anonymous_0)","decl":{"start":{"line":4,"column":0},"end":{"line":null,"column":-1}},"loc":{"start":{"line":4,"column":0},"end":{"line":8,"column":1}}}},"branchMap":{},"s":{"0":5,"1":1,"2":1,"3":1,"4":5},"f":{"0":1},"b":{}}
,"/home/nlebedevelop/Documents/Repos/web-errors/src/success/205.ts": {"path":"/home/nlebedevelop/Documents/Repos/web-errors/src/success/205.ts","statementMap":{"0":{"start":{"line":1,"column":0},"end":{"line":1,"column":34}},"1":{"start":{"line":5,"column":2},"end":{"line":5,"column":14}},"2":{"start":{"line":6,"column":2},"end":{"line":6,"column":27}},"3":{"start":{"line":7,"column":2},"end":{"line":7,"column":188}},"4":{"start":{"line":10,"column":0},"end":{"line":10,"column":20}}},"fnMap":{"0":{"name":"(anonymous_0)","decl":{"start":{"line":4,"column":0},"end":{"line":null,"column":-1}},"loc":{"start":{"line":4,"column":0},"end":{"line":8,"column":1}}}},"branchMap":{},"s":{"0":5,"1":1,"2":1,"3":1,"4":5},"f":{"0":1},"b":{}}
,"/home/nlebedevelop/Documents/Repos/web-errors/src/success/206.ts": {"path":"/home/nlebedevelop/Documents/Repos/web-errors/src/success/206.ts","statementMap":{"0":{"start":{"line":1,"column":0},"end":{"line":1,"column":34}},"1":{"start":{"line":5,"column":2},"end":{"line":5,"column":14}},"2":{"start":{"line":6,"column":2},"end":{"line":6,"column":29}},"3":{"start":{"line":7,"column":2},"end":{"line":7,"column":267}},"4":{"start":{"line":10,"column":0},"end":{"line":10,"column":20}}},"fnMap":{"0":{"name":"(anonymous_0)","decl":{"start":{"line":4,"column":0},"end":{"line":null,"column":-1}},"loc":{"start":{"line":4,"column":0},"end":{"line":8,"column":1}}}},"branchMap":{},"s":{"0":5,"1":1,"2":1,"3":1,"4":5},"f":{"0":1},"b":{}}
,"/home/nlebedevelop/Documents/Repos/web-errors/src/success/207.ts": {"path":"/home/nlebedevelop/Documents/Repos/web-errors/src/success/207.ts","statementMap":{"0":{"start":{"line":1,"column":0},"end":{"line":1,"column":34}},"1":{"start":{"line":5,"column":2},"end":{"line":5,"column":14}},"2":{"start":{"line":6,"column":2},"end":{"line":6,"column":26}},"3":{"start":{"line":7,"column":2},"end":{"line":7,"column":175}},"4":{"start":{"line":10,"column":0},"end":{"line":10,"column":20}}},"fnMap":{"0":{"name":"(anonymous_0)","decl":{"start":{"line":4,"column":0},"end":{"line":null,"column":-1}},"loc":{"start":{"line":4,"column":0},"end":{"line":8,"column":1}}}},"branchMap":{},"s":{"0":5,"1":1,"2":1,"3":1,"4":5},"f":{"0":1},"b":{}}
,"/home/nlebedevelop/Documents/Repos/web-errors/src/success/208.ts": {"path":"/home/nlebedevelop/Documents/Repos/web-errors/src/success/208.ts","statementMap":{"0":{"start":{"line":1,"column":0},"end":{"line":1,"column":34}},"1":{"start":{"line":5,"column":2},"end":{"line":5,"column":14}},"2":{"start":{"line":6,"column":2},"end":{"line":6,"column":30}},"3":{"start":{"line":7,"column":2},"end":{"line":7,"column":160}},"4":{"start":{"line":10,"column":0},"end":{"line":10,"column":20}}},"fnMap":{"0":{"name":"(anonymous_0)","decl":{"start":{"line":4,"column":0},"end":{"line":null,"column":-1}},"loc":{"start":{"line":4,"column":0},"end":{"line":8,"column":1}}}},"branchMap":{},"s":{"0":5,"1":1,"2":1,"3":1,"4":5},"f":{"0":1},"b":{}}
,"/home/nlebedevelop/Documents/Repos/web-errors/src/success/226.ts": {"path":"/home/nlebedevelop/Documents/Repos/web-errors/src/success/226.ts","statementMap":{"0":{"start":{"line":1,"column":0},"end":{"line":1,"column":34}},"1":{"start":{"line":5,"column":2},"end":{"line":5,"column":14}},"2":{"start":{"line":6,"column":2},"end":{"line":6,"column":21}},"3":{"start":{"line":7,"column":2},"end":{"line":7,"column":192}},"4":{"start":{"line":10,"column":0},"end":{"line":10,"column":20}}},"fnMap":{"0":{"name":"(anonymous_0)","decl":{"start":{"line":4,"column":0},"end":{"line":null,"column":-1}},"loc":{"start":{"line":4,"column":0},"end":{"line":8,"column":1}}}},"branchMap":{},"s":{"0":5,"1":1,"2":1,"3":1,"4":5},"f":{"0":1},"b":{}}
,"/home/nlebedevelop/Documents/Repos/web-errors/src/success/index.ts": {"path":"/home/nlebedevelop/Documents/Repos/web-errors/src/success/index.ts","statementMap":{"0":{"start":{"line":1,"column":0},"end":{"line":1,"column":42}},"1":{"start":{"line":1,"column":9},"end":{"line":1,"column":28}},"2":{"start":{"line":2,"column":0},"end":{"line":2,"column":42}},"3":{"start":{"line":2,"column":9},"end":{"line":2,"column":28}},"4":{"start":{"line":3,"column":0},"end":{"line":3,"column":42}},"5":{"start":{"line":3,"column":9},"end":{"line":3,"column":28}},"6":{"start":{"line":4,"column":0},"end":{"line":4,"column":42}},"7":{"start":{"line":4,"column":9},"end":{"line":4,"column":28}},"8":{"start":{"line":5,"column":0},"end":{"line":5,"column":42}},"9":{"start":{"line":5,"column":9},"end":{"line":5,"column":28}},"10":{"start":{"line":6,"column":0},"end":{"line":6,"column":42}},"11":{"start":{"line":6,"column":9},"end":{"line":6,"column":28}},"12":{"start":{"line":7,"column":0},"end":{"line":7,"column":42}},"13":{"start":{"line":7,"column":9},"end":{"line":7,"column":28}},"14":{"start":{"line":8,"column":0},"end":{"line":8,"column":42}},"15":{"start":{"line":8,"column":9},"end":{"line":8,"column":28}},"16":{"start":{"line":9,"column":0},"end":{"line":9,"column":42}},"17":{"start":{"line":9,"column":9},"end":{"line":9,"column":28}},"18":{"start":{"line":10,"column":0},"end":{"line":10,"column":42}},"19":{"start":{"line":10,"column":9},"end":{"line":10,"column":28}}},"fnMap":{},"branchMap":{},"s":{"0":5,"1":5,"2":5,"3":5,"4":5,"5":5,"6":5,"7":5,"8":5,"9":5,"10":5,"11":5,"12":5,"13":5,"14":5,"15":5,"16":5,"17":5,"18":5,"19":5},"f":{},"b":{}}
}
