TN:
SF:/home/nlebedevelop/Documents/Repos/web-errors/src/default.ts
FN:29,(anonymous_0)
FNF:1
FNH:1
FNDA:64,(anonymous_0)
DA:30,64
DA:32,64
DA:33,64
DA:34,64
DA:35,64
DA:40,6
LF:6
LH:6
BRDA:34,0,0,63
BRDA:34,0,1,1
BRDA:35,1,0,1
BRDA:35,1,1,63
BRF:4
BRH:4
end_of_record
TN:
SF:/home/nlebedevelop/Documents/Repos/web-errors/src/http.ts
FN:44,(anonymous_0)
FNF:1
FNH:1
FNDA:62,(anonymous_0)
DA:1,5
DA:42,62
DA:45,62
DA:47,62
DA:48,62
DA:49,62
DA:54,5
LF:7
LH:7
BRDA:47,0,0,62
BRDA:47,0,1,62
BRDA:48,1,0,62
BRDA:48,1,1,62
BRDA:49,2,0,62
BRDA:49,2,1,62
BRF:6
BRH:6
end_of_record
TN:
SF:/home/nlebedevelop/Documents/Repos/web-errors/src/index.ts
FNF:0
FNH:0
DA:1,5
DA:2,5
DA:4,5
DA:5,5
DA:6,5
DA:7,5
DA:8,5
DA:9,5
DA:12,5
DA:13,5
DA:14,5
DA:15,5
DA:16,5
DA:17,5
DA:18,5
DA:19,5
DA:20,5
DA:21,5
DA:22,5
DA:23,5
DA:26,5
DA:27,5
DA:28,5
DA:29,5
DA:30,5
DA:31,5
DA:32,5
DA:33,5
DA:34,5
DA:35,5
DA:36,5
DA:39,5
DA:40,5
DA:41,5
DA:42,5
DA:43,5
DA:44,5
DA:45,5
DA:46,5
DA:47,5
DA:48,5
DA:49,5
DA:50,5
DA:51,5
DA:52,5
DA:53,5
DA:54,5
DA:55,5
DA:56,5
DA:57,5
DA:58,5
DA:59,5
DA:60,5
DA:61,5
DA:62,5
DA:63,5
DA:64,5
DA:65,5
DA:66,5
DA:67,5
DA:68,5
DA:71,5
DA:72,5
DA:73,5
DA:74,5
DA:75,5
DA:76,5
DA:77,5
DA:78,5
DA:79,5
DA:80,5
DA:81,5
DA:82,5
DA:83,5
LF:74
LH:74
BRF:0
BRH:0
end_of_record
TN:
SF:/home/nlebedevelop/Documents/Repos/web-errors/src/client/400.ts
FN:4,(anonymous_0)
FNF:1
FNH:1
FNDA:1,(anonymous_0)
DA:1,5
DA:5,1
DA:6,1
DA:7,1
DA:10,5
LF:5
LH:5
BRF:0
BRH:0
end_of_record
TN:
SF:/home/nlebedevelop/Documents/Repos/web-errors/src/client/401.ts
FN:4,(anonymous_0)
FNF:1
FNH:1
FNDA:1,(anonymous_0)
DA:1,5
DA:5,1
DA:6,1
DA:7,1
DA:10,5
LF:5
LH:5
BRF:0
BRH:0
end_of_record
TN:
SF:/home/nlebedevelop/Documents/Repos/web-errors/src/client/402.ts
FN:4,(anonymous_0)
FNF:1
FNH:1
FNDA:1,(anonymous_0)
DA:1,5
DA:5,1
DA:6,1
DA:7,1
DA:10,5
LF:5
LH:5
BRF:0
BRH:0
end_of_record
TN:
SF:/home/nlebedevelop/Documents/Repos/web-errors/src/client/403.ts
FN:4,(anonymous_0)
FNF:1
FNH:1
FNDA:1,(anonymous_0)
DA:1,5
DA:5,1
DA:6,1
DA:7,1
DA:10,5
LF:5
LH:5
BRF:0
BRH:0
end_of_record
TN:
SF:/home/nlebedevelop/Documents/Repos/web-errors/src/client/404.ts
FN:4,(anonymous_0)
FNF:1
FNH:1
FNDA:1,(anonymous_0)
DA:1,5
DA:5,1
DA:6,1
DA:7,1
DA:10,5
LF:5
LH:5
BRF:0
BRH:0
end_of_record
TN:
SF:/home/nlebedevelop/Documents/Repos/web-errors/src/client/405.ts
FN:4,(anonymous_0)
FNF:1
FNH:1
FNDA:1,(anonymous_0)
DA:1,5
DA:5,1
DA:6,1
DA:7,1
DA:10,5
LF:5
LH:5
BRF:0
BRH:0
end_of_record
TN:
SF:/home/nlebedevelop/Documents/Repos/web-errors/src/client/406.ts
FN:4,(anonymous_0)
FNF:1
FNH:1
FNDA:1,(anonymous_0)
DA:1,5
DA:5,1
DA:6,1
DA:7,1
DA:10,5
LF:5
LH:5
BRF:0
BRH:0
end_of_record
TN:
SF:/home/nlebedevelop/Documents/Repos/web-errors/src/client/407.ts
FN:4,(anonymous_0)
FNF:1
FNH:1
FNDA:1,(anonymous_0)
DA:1,5
DA:5,1
DA:6,1
DA:7,1
DA:10,5
LF:5
LH:5
BRF:0
BRH:0
end_of_record
TN:
SF:/home/nlebedevelop/Documents/Repos/web-errors/src/client/408.ts
FN:4,(anonymous_0)
FNF:1
FNH:1
FNDA:1,(anonymous_0)
DA:1,5
DA:5,1
DA:6,1
DA:7,1
DA:10,5
LF:5
LH:5
BRF:0
BRH:0
end_of_record
TN:
SF:/home/nlebedevelop/Documents/Repos/web-errors/src/client/409.ts
FN:4,(anonymous_0)
FNF:1
FNH:1
FNDA:1,(anonymous_0)
DA:1,5
DA:5,1
DA:6,1
DA:7,1
DA:10,5
LF:5
LH:5
BRF:0
BRH:0
end_of_record
TN:
SF:/home/nlebedevelop/Documents/Repos/web-errors/src/client/410.ts
FN:4,(anonymous_0)
FNF:1
FNH:1
FNDA:1,(anonymous_0)
DA:1,5
DA:5,1
DA:6,1
DA:7,1
DA:10,5
LF:5
LH:5
BRF:0
BRH:0
end_of_record
TN:
SF:/home/nlebedevelop/Documents/Repos/web-errors/src/client/411.ts
FN:4,(anonymous_0)
FNF:1
FNH:1
FNDA:1,(anonymous_0)
DA:1,5
DA:5,1
DA:6,1
DA:7,1
DA:10,5
LF:5
LH:5
BRF:0
BRH:0
end_of_record
TN:
SF:/home/nlebedevelop/Documents/Repos/web-errors/src/client/412.ts
FN:4,(anonymous_0)
FNF:1
FNH:1
FNDA:1,(anonymous_0)
DA:1,5
DA:5,1
DA:6,1
DA:7,1
DA:10,5
LF:5
LH:5
BRF:0
BRH:0
end_of_record
TN:
SF:/home/nlebedevelop/Documents/Repos/web-errors/src/client/413.ts
FN:4,(anonymous_0)
FNF:1
FNH:1
FNDA:1,(anonymous_0)
DA:1,5
DA:5,1
DA:6,1
DA:7,1
DA:10,5
LF:5
LH:5
BRF:0
BRH:0
end_of_record
TN:
SF:/home/nlebedevelop/Documents/Repos/web-errors/src/client/414.ts
FN:4,(anonymous_0)
FNF:1
FNH:1
FNDA:1,(anonymous_0)
DA:1,5
DA:5,1
DA:6,1
DA:7,1
DA:10,5
LF:5
LH:5
BRF:0
BRH:0
end_of_record
TN:
SF:/home/nlebedevelop/Documents/Repos/web-errors/src/client/415.ts
FN:4,(anonymous_0)
FNF:1
FNH:1
FNDA:1,(anonymous_0)
DA:1,5
DA:5,1
DA:6,1
DA:7,1
DA:10,5
LF:5
LH:5
BRF:0
BRH:0
end_of_record
TN:
SF:/home/nlebedevelop/Documents/Repos/web-errors/src/client/416.ts
FN:4,(anonymous_0)
FNF:1
FNH:1
FNDA:1,(anonymous_0)
DA:1,5
DA:5,1
DA:6,1
DA:7,1
DA:10,5
LF:5
LH:5
BRF:0
BRH:0
end_of_record
TN:
SF:/home/nlebedevelop/Documents/Repos/web-errors/src/client/417.ts
FN:4,(anonymous_0)
FNF:1
FNH:1
FNDA:1,(anonymous_0)
DA:1,5
DA:5,1
DA:6,1
DA:7,1
DA:10,5
LF:5
LH:5
BRF:0
BRH:0
end_of_record
TN:
SF:/home/nlebedevelop/Documents/Repos/web-errors/src/client/418.ts
FN:4,(anonymous_0)
FNF:1
FNH:1
FNDA:1,(anonymous_0)
DA:1,5
DA:5,1
DA:6,1
DA:7,1
DA:10,5
LF:5
LH:5
BRF:0
BRH:0
end_of_record
TN:
SF:/home/nlebedevelop/Documents/Repos/web-errors/src/client/421.ts
FN:4,(anonymous_0)
FNF:1
FNH:1
FNDA:1,(anonymous_0)
DA:1,5
DA:5,1
DA:6,1
DA:7,1
DA:10,5
LF:5
LH:5
BRF:0
BRH:0
end_of_record
TN:
SF:/home/nlebedevelop/Documents/Repos/web-errors/src/client/422.ts
FN:4,(anonymous_0)
FNF:1
FNH:1
FNDA:1,(anonymous_0)
DA:1,5
DA:5,1
DA:6,1
DA:7,1
DA:10,5
LF:5
LH:5
BRF:0
BRH:0
end_of_record
TN:
SF:/home/nlebedevelop/Documents/Repos/web-errors/src/client/423.ts
FN:4,(anonymous_0)
FNF:1
FNH:1
FNDA:1,(anonymous_0)
DA:1,5
DA:5,1
DA:6,1
DA:7,1
DA:10,5
LF:5
LH:5
BRF:0
BRH:0
end_of_record
TN:
SF:/home/nlebedevelop/Documents/Repos/web-errors/src/client/424.ts
FN:4,(anonymous_0)
FNF:1
FNH:1
FNDA:1,(anonymous_0)
DA:1,5
DA:5,1
DA:6,1
DA:7,1
DA:10,5
LF:5
LH:5
BRF:0
BRH:0
end_of_record
TN:
SF:/home/nlebedevelop/Documents/Repos/web-errors/src/client/426.ts
FN:4,(anonymous_0)
FNF:1
FNH:1
FNDA:1,(anonymous_0)
DA:1,5
DA:5,1
DA:6,1
DA:7,1
DA:10,5
LF:5
LH:5
BRF:0
BRH:0
end_of_record
TN:
SF:/home/nlebedevelop/Documents/Repos/web-errors/src/client/428.ts
FN:4,(anonymous_0)
FNF:1
FNH:1
FNDA:1,(anonymous_0)
DA:1,5
DA:5,1
DA:6,1
DA:7,1
DA:10,5
LF:5
LH:5
BRF:0
BRH:0
end_of_record
TN:
SF:/home/nlebedevelop/Documents/Repos/web-errors/src/client/429.ts
FN:4,(anonymous_0)
FNF:1
FNH:1
FNDA:1,(anonymous_0)
DA:1,5
DA:5,1
DA:6,1
DA:7,1
DA:10,5
LF:5
LH:5
BRF:0
BRH:0
end_of_record
TN:
SF:/home/nlebedevelop/Documents/Repos/web-errors/src/client/431.ts
FN:4,(anonymous_0)
FNF:1
FNH:1
FNDA:1,(anonymous_0)
DA:1,5
DA:5,1
DA:6,1
DA:7,1
DA:10,5
LF:5
LH:5
BRF:0
BRH:0
end_of_record
TN:
SF:/home/nlebedevelop/Documents/Repos/web-errors/src/client/451.ts
FN:4,(anonymous_0)
FNF:1
FNH:1
FNDA:1,(anonymous_0)
DA:1,5
DA:5,1
DA:6,1
DA:7,1
DA:10,5
LF:5
LH:5
BRF:0
BRH:0
end_of_record
TN:
SF:/home/nlebedevelop/Documents/Repos/web-errors/src/client/index.ts
FNF:0
FNH:0
DA:1,5
DA:2,5
DA:3,5
DA:4,5
DA:5,5
DA:6,5
DA:7,5
DA:8,5
DA:9,5
DA:10,5
DA:11,5
DA:12,5
DA:13,5
DA:14,5
DA:15,5
DA:16,5
DA:17,5
DA:18,5
DA:19,5
DA:20,5
DA:21,5
DA:22,5
DA:23,5
DA:24,5
DA:25,5
DA:26,5
DA:27,5
DA:28,5
LF:28
LH:28
BRF:0
BRH:0
end_of_record
TN:
SF:/home/nlebedevelop/Documents/Repos/web-errors/src/information/100.ts
FN:4,(anonymous_0)
FNF:1
FNH:1
FNDA:1,(anonymous_0)
DA:1,5
DA:5,1
DA:6,1
DA:7,1
DA:10,5
LF:5
LH:5
BRF:0
BRH:0
end_of_record
TN:
SF:/home/nlebedevelop/Documents/Repos/web-errors/src/information/101.ts
FN:4,(anonymous_0)
FNF:1
FNH:1
FNDA:1,(anonymous_0)
DA:1,5
DA:5,1
DA:6,1
DA:7,1
DA:10,5
LF:5
LH:5
BRF:0
BRH:0
end_of_record
TN:
SF:/home/nlebedevelop/Documents/Repos/web-errors/src/information/102.ts
FN:4,(anonymous_0)
FNF:1
FNH:1
FNDA:1,(anonymous_0)
DA:1,5
DA:5,1
DA:6,1
DA:7,1
DA:10,5
LF:5
LH:5
BRF:0
BRH:0
end_of_record
TN:
SF:/home/nlebedevelop/Documents/Repos/web-errors/src/information/103.ts
FN:4,(anonymous_0)
FNF:1
FNH:1
FNDA:1,(anonymous_0)
DA:1,5
DA:5,1
DA:6,1
DA:7,1
DA:10,5
LF:5
LH:5
BRF:0
BRH:0
end_of_record
TN:
SF:/home/nlebedevelop/Documents/Repos/web-errors/src/information/index.ts
FNF:0
FNH:0
DA:1,5
DA:2,5
DA:3,5
DA:4,5
LF:4
LH:4
BRF:0
BRH:0
end_of_record
TN:
SF:/home/nlebedevelop/Documents/Repos/web-errors/src/redirection/300.ts
FN:4,(anonymous_0)
FNF:1
FNH:1
FNDA:1,(anonymous_0)
DA:1,5
DA:5,1
DA:6,1
DA:7,1
DA:10,5
LF:5
LH:5
BRF:0
BRH:0
end_of_record
TN:
SF:/home/nlebedevelop/Documents/Repos/web-errors/src/redirection/301.ts
FN:4,(anonymous_0)
FNF:1
FNH:1
FNDA:1,(anonymous_0)
DA:1,5
DA:5,1
DA:6,1
DA:7,1
DA:10,5
LF:5
LH:5
BRF:0
BRH:0
end_of_record
TN:
SF:/home/nlebedevelop/Documents/Repos/web-errors/src/redirection/302.ts
FN:4,(anonymous_0)
FNF:1
FNH:1
FNDA:1,(anonymous_0)
DA:1,5
DA:5,1
DA:6,1
DA:7,1
DA:10,5
LF:5
LH:5
BRF:0
BRH:0
end_of_record
TN:
SF:/home/nlebedevelop/Documents/Repos/web-errors/src/redirection/303.ts
FN:4,(anonymous_0)
FNF:1
FNH:1
FNDA:1,(anonymous_0)
DA:1,5
DA:5,1
DA:6,1
DA:7,1
DA:10,5
LF:5
LH:5
BRF:0
BRH:0
end_of_record
TN:
SF:/home/nlebedevelop/Documents/Repos/web-errors/src/redirection/304.ts
FN:4,(anonymous_0)
FNF:1
FNH:1
FNDA:1,(anonymous_0)
DA:1,5
DA:5,1
DA:6,1
DA:7,1
DA:10,5
LF:5
LH:5
BRF:0
BRH:0
end_of_record
TN:
SF:/home/nlebedevelop/Documents/Repos/web-errors/src/redirection/305.ts
FN:4,(anonymous_0)
FNF:1
FNH:1
FNDA:1,(anonymous_0)
DA:1,5
DA:5,1
DA:6,1
DA:7,1
DA:10,5
LF:5
LH:5
BRF:0
BRH:0
end_of_record
TN:
SF:/home/nlebedevelop/Documents/Repos/web-errors/src/redirection/306.ts
FN:4,(anonymous_0)
FNF:1
FNH:1
FNDA:1,(anonymous_0)
DA:1,5
DA:5,1
DA:6,1
DA:7,1
DA:10,5
LF:5
LH:5
BRF:0
BRH:0
end_of_record
TN:
SF:/home/nlebedevelop/Documents/Repos/web-errors/src/redirection/307.ts
FN:4,(anonymous_0)
FNF:1
FNH:1
FNDA:1,(anonymous_0)
DA:1,5
DA:5,1
DA:6,1
DA:7,1
DA:10,5
LF:5
LH:5
BRF:0
BRH:0
end_of_record
TN:
SF:/home/nlebedevelop/Documents/Repos/web-errors/src/redirection/308.ts
FN:4,(anonymous_0)
FNF:1
FNH:1
FNDA:1,(anonymous_0)
DA:1,5
DA:5,1
DA:6,1
DA:7,1
DA:10,5
LF:5
LH:5
BRF:0
BRH:0
end_of_record
TN:
SF:/home/nlebedevelop/Documents/Repos/web-errors/src/redirection/index.ts
FNF:0
FNH:0
DA:1,5
DA:2,5
DA:3,5
DA:4,5
DA:5,5
DA:6,5
DA:7,5
DA:8,5
DA:9,5
LF:9
LH:9
BRF:0
BRH:0
end_of_record
TN:
SF:/home/nlebedevelop/Documents/Repos/web-errors/src/server/500.ts
FN:4,(anonymous_0)
FNF:1
FNH:1
FNDA:1,(anonymous_0)
DA:1,5
DA:5,1
DA:6,1
DA:7,1
DA:10,5
LF:5
LH:5
BRF:0
BRH:0
end_of_record
TN:
SF:/home/nlebedevelop/Documents/Repos/web-errors/src/server/501.ts
FN:4,(anonymous_0)
FNF:1
FNH:1
FNDA:1,(anonymous_0)
DA:1,5
DA:5,1
DA:6,1
DA:7,1
DA:10,5
LF:5
LH:5
BRF:0
BRH:0
end_of_record
TN:
SF:/home/nlebedevelop/Documents/Repos/web-errors/src/server/502.ts
FN:4,(anonymous_0)
FNF:1
FNH:1
FNDA:1,(anonymous_0)
DA:1,5
DA:5,1
DA:6,1
DA:7,1
DA:10,5
LF:5
LH:5
BRF:0
BRH:0
end_of_record
TN:
SF:/home/nlebedevelop/Documents/Repos/web-errors/src/server/503.ts
FN:4,(anonymous_0)
FNF:1
FNH:1
FNDA:1,(anonymous_0)
DA:1,5
DA:5,1
DA:6,1
DA:7,1
DA:10,5
LF:5
LH:5
BRF:0
BRH:0
end_of_record
TN:
SF:/home/nlebedevelop/Documents/Repos/web-errors/src/server/504.ts
FN:4,(anonymous_0)
FNF:1
FNH:1
FNDA:1,(anonymous_0)
DA:1,5
DA:5,1
DA:6,1
DA:7,1
DA:10,5
LF:5
LH:5
BRF:0
BRH:0
end_of_record
TN:
SF:/home/nlebedevelop/Documents/Repos/web-errors/src/server/505.ts
FN:4,(anonymous_0)
FNF:1
FNH:1
FNDA:1,(anonymous_0)
DA:1,5
DA:5,1
DA:6,1
DA:7,1
DA:10,5
LF:5
LH:5
BRF:0
BRH:0
end_of_record
TN:
SF:/home/nlebedevelop/Documents/Repos/web-errors/src/server/506.ts
FN:4,(anonymous_0)
FNF:1
FNH:1
FNDA:1,(anonymous_0)
DA:1,5
DA:5,1
DA:6,1
DA:7,1
DA:10,5
LF:5
LH:5
BRF:0
BRH:0
end_of_record
TN:
SF:/home/nlebedevelop/Documents/Repos/web-errors/src/server/507.ts
FN:4,(anonymous_0)
FNF:1
FNH:1
FNDA:1,(anonymous_0)
DA:1,5
DA:5,1
DA:6,1
DA:7,1
DA:10,5
LF:5
LH:5
BRF:0
BRH:0
end_of_record
TN:
SF:/home/nlebedevelop/Documents/Repos/web-errors/src/server/508.ts
FN:4,(anonymous_0)
FNF:1
FNH:1
FNDA:1,(anonymous_0)
DA:1,5
DA:5,1
DA:6,1
DA:7,1
DA:10,5
LF:5
LH:5
BRF:0
BRH:0
end_of_record
TN:
SF:/home/nlebedevelop/Documents/Repos/web-errors/src/server/510.ts
FN:4,(anonymous_0)
FNF:1
FNH:1
FNDA:1,(anonymous_0)
DA:1,5
DA:5,1
DA:6,1
DA:7,1
DA:10,5
LF:5
LH:5
BRF:0
BRH:0
end_of_record
TN:
SF:/home/nlebedevelop/Documents/Repos/web-errors/src/server/511.ts
FN:4,(anonymous_0)
FNF:1
FNH:1
FNDA:1,(anonymous_0)
DA:1,5
DA:5,1
DA:6,1
DA:7,1
DA:10,5
LF:5
LH:5
BRF:0
BRH:0
end_of_record
TN:
SF:/home/nlebedevelop/Documents/Repos/web-errors/src/server/index.ts
FNF:0
FNH:0
DA:1,5
DA:2,5
DA:3,5
DA:4,5
DA:5,5
DA:6,5
DA:7,5
DA:8,5
DA:9,5
DA:10,5
DA:11,5
LF:11
LH:11
BRF:0
BRH:0
end_of_record
TN:
SF:/home/nlebedevelop/Documents/Repos/web-errors/src/success/200.ts
FN:4,(anonymous_0)
FNF:1
FNH:1
FNDA:1,(anonymous_0)
DA:1,5
DA:5,1
DA:6,1
DA:7,1
DA:10,5
LF:5
LH:5
BRF:0
BRH:0
end_of_record
TN:
SF:/home/nlebedevelop/Documents/Repos/web-errors/src/success/201.ts
FN:4,(anonymous_0)
FNF:1
FNH:1
FNDA:1,(anonymous_0)
DA:1,5
DA:5,1
DA:6,1
DA:7,1
DA:10,5
LF:5
LH:5
BRF:0
BRH:0
end_of_record
TN:
SF:/home/nlebedevelop/Documents/Repos/web-errors/src/success/202.ts
FN:4,(anonymous_0)
FNF:1
FNH:1
FNDA:1,(anonymous_0)
DA:1,5
DA:5,1
DA:6,1
DA:7,1
DA:10,5
LF:5
LH:5
BRF:0
BRH:0
end_of_record
TN:
SF:/home/nlebedevelop/Documents/Repos/web-errors/src/success/203.ts
FN:4,(anonymous_0)
FNF:1
FNH:1
FNDA:1,(anonymous_0)
DA:1,5
DA:5,1
DA:6,1
DA:7,1
DA:10,5
LF:5
LH:5
BRF:0
BRH:0
end_of_record
TN:
SF:/home/nlebedevelop/Documents/Repos/web-errors/src/success/204.ts
FN:4,(anonymous_0)
FNF:1
FNH:1
FNDA:1,(anonymous_0)
DA:1,5
DA:5,1
DA:6,1
DA:7,1
DA:10,5
LF:5
LH:5
BRF:0
BRH:0
end_of_record
TN:
SF:/home/nlebedevelop/Documents/Repos/web-errors/src/success/205.ts
FN:4,(anonymous_0)
FNF:1
FNH:1
FNDA:1,(anonymous_0)
DA:1,5
DA:5,1
DA:6,1
DA:7,1
DA:10,5
LF:5
LH:5
BRF:0
BRH:0
end_of_record
TN:
SF:/home/nlebedevelop/Documents/Repos/web-errors/src/success/206.ts
FN:4,(anonymous_0)
FNF:1
FNH:1
FNDA:1,(anonymous_0)
DA:1,5
DA:5,1
DA:6,1
DA:7,1
DA:10,5
LF:5
LH:5
BRF:0
BRH:0
end_of_record
TN:
SF:/home/nlebedevelop/Documents/Repos/web-errors/src/success/207.ts
FN:4,(anonymous_0)
FNF:1
FNH:1
FNDA:1,(anonymous_0)
DA:1,5
DA:5,1
DA:6,1
DA:7,1
DA:10,5
LF:5
LH:5
BRF:0
BRH:0
end_of_record
TN:
SF:/home/nlebedevelop/Documents/Repos/web-errors/src/success/208.ts
FN:4,(anonymous_0)
FNF:1
FNH:1
FNDA:1,(anonymous_0)
DA:1,5
DA:5,1
DA:6,1
DA:7,1
DA:10,5
LF:5
LH:5
BRF:0
BRH:0
end_of_record
TN:
SF:/home/nlebedevelop/Documents/Repos/web-errors/src/success/226.ts
FN:4,(anonymous_0)
FNF:1
FNH:1
FNDA:1,(anonymous_0)
DA:1,5
DA:5,1
DA:6,1
DA:7,1
DA:10,5
LF:5
LH:5
BRF:0
BRH:0
end_of_record
TN:
SF:/home/nlebedevelop/Documents/Repos/web-errors/src/success/index.ts
FNF:0
FNH:0
DA:1,5
DA:2,5
DA:3,5
DA:4,5
DA:5,5
DA:6,5
DA:7,5
DA:8,5
DA:9,5
DA:10,5
LF:10
LH:10
BRF:0
BRH:0
end_of_record
